#
# There is insufficient memory for the Java Runtime Environment to continue.
# Native memory allocation (malloc) failed to allocate 262144000 bytes for committing reserved memory.
# Possible reasons:
#   The system is out of physical RAM or swap space
#   In 32 bit mode, the process size limit was hit
# Possible solutions:
#   Reduce memory load on the system
#   Increase physical memory or swap space
#   Check if swap backing store is full
#   Use 64 bit Java on a 64 bit OS
#   Decrease Java heap size (-Xmx/-Xms)
#   Decrease number of Java threads
#   Decrease Java thread stack sizes (-Xss)
#   Set larger code cache with -XX:ReservedCodeCacheSize=
# This output file may be truncated or incomplete.
#
#  Out of Memory Error (os_linux.cpp:2756), pid=2396, tid=140682414565120
#
# JRE version: Java(TM) SE Runtime Environment (7.0_76-b13) (build 1.7.0_76-b13)
# Java VM: Java HotSpot(TM) 64-Bit Server VM (24.76-b04 mixed mode linux-amd64 compressed oops)
# Failed to write core dump. Core dumps have been disabled. To enable core dumping, try "ulimit -c unlimited" before starting Java again
#

---------------  T H R E A D  ---------------

Current thread (0x00007ff334073000):  VMThread [stack: 0x00007ff32d48a000,0x00007ff32d58b000] [id=2408]

Stack: [0x00007ff32d48a000,0x00007ff32d58b000],  sp=0x00007ff32d589180,  free space=1020k
Native frames: (J=compiled Java code, j=interpreted, Vv=VM code, C=native code)
V  [libjvm.so+0x9a32ba]  VMError::report_and_die()+0x2ea
V  [libjvm.so+0x497f7b]  report_vm_out_of_memory(char const*, int, unsigned long, char const*)+0x9b
V  [libjvm.so+0x81fcce]  os::Linux::commit_memory_impl(char*, unsigned long, bool)+0xfe
V  [libjvm.so+0x820219]  os::pd_commit_memory(char*, unsigned long, unsigned long, bool)+0x29
V  [libjvm.so+0x819faa]  os::commit_memory(char*, unsigned long, unsigned long, bool)+0x2a
V  [libjvm.so+0x88d843]  PSVirtualSpace::expand_by(unsigned long)+0x53
V  [libjvm.so+0x88ec18]  PSYoungGen::resize_generation(unsigned long, unsigned long)+0xf8
V  [libjvm.so+0x88dd82]  PSYoungGen::resize(unsigned long, unsigned long)+0x22
V  [libjvm.so+0x88b13d]  PSScavenge::invoke_no_policy()+0xf3d
V  [libjvm.so+0x88b981]  PSScavenge::invoke()+0x41
V  [libjvm.so+0x842300]  ParallelScavengeHeap::failed_mem_allocate(unsigned long)+0x70
V  [libjvm.so+0x9a4b47]  VM_ParallelGCFailedAllocation::doit()+0x97
V  [libjvm.so+0x9abfe5]  VM_Operation::evaluate()+0x55
V  [libjvm.so+0x9aa3aa]  VMThread::evaluate_operation(VM_Operation*)+0xba
V  [libjvm.so+0x9aa72e]  VMThread::loop()+0x1ce
V  [libjvm.so+0x9aaba0]  VMThread::run()+0x70
V  [libjvm.so+0x821ca8]  java_start(Thread*)+0x108

VM_Operation (0x00007ff33a58ed80): ParallelGCFailedAllocation, mode: safepoint, requested by thread 0x00007ff33400a000


---------------  P R O C E S S  ---------------

Java Threads: ( => current thread )
  0x00007ff334140800 JavaThread "Thread-1" daemon [_thread_in_native, id=2417, stack(0x00007ff32c200000,0x00007ff32c301000)]
  0x00007ff334115800 JavaThread "Thread-0" daemon [_thread_blocked, id=2416, stack(0x00007ff32c301000,0x00007ff32c402000)]
  0x00007ff3340a3800 JavaThread "Service Thread" daemon [_thread_blocked, id=2414, stack(0x00007ff32ca8a000,0x00007ff32cb8b000)]
  0x00007ff3340a1000 JavaThread "C2 CompilerThread1" daemon [_thread_in_native, id=2413, stack(0x00007ff32cb8b000,0x00007ff32cc8c000)]
  0x00007ff33409e000 JavaThread "C2 CompilerThread0" daemon [_thread_in_native, id=2412, stack(0x00007ff32cc8c000,0x00007ff32cd8d000)]
  0x00007ff33409c000 JavaThread "Signal Dispatcher" daemon [_thread_blocked, id=2411, stack(0x00007ff32cd8d000,0x00007ff32ce8e000)]
  0x00007ff334079800 JavaThread "Finalizer" daemon [_thread_blocked, id=2410, stack(0x00007ff32d288000,0x00007ff32d389000)]
  0x00007ff334077800 JavaThread "Reference Handler" daemon [_thread_blocked, id=2409, stack(0x00007ff32d389000,0x00007ff32d48a000)]
  0x00007ff33400a000 JavaThread "main" [_thread_blocked, id=2399, stack(0x00007ff33a499000,0x00007ff33a59a000)]

Other Threads:
=>0x00007ff334073000 VMThread [stack: 0x00007ff32d48a000,0x00007ff32d58b000] [id=2408]
  0x00007ff3340b6000 WatcherThread [stack: 0x00007ff32c989000,0x00007ff32ca8a000] [id=2415]

VM state:at safepoint (normal execution)

VM Mutex/Monitor currently owned by a thread:  ([mutex/lock_event])
[0x00007ff334006700] Threads_lock - owner thread: 0x00007ff334073000
[0x00007ff334006c00] Heap_lock - owner thread: 0x00007ff33400a000

Heap
 PSYoungGen      total 258048K, used 12258K [0x00000000d8000000, 0x00000000e8800000, 0x0000000100000000)
  eden space 245760K, 0% used [0x00000000d8000000,0x00000000d8000000,0x00000000e7000000)
  from space 12288K, 99% used [0x00000000e7000000,0x00000000e7bf88c0,0x00000000e7c00000)
  to   space 11776K, 0% used [0x00000000e7c80000,0x00000000e7c80000,0x00000000e8800000)
 ParOldGen       total 81920K, used 32063K [0x0000000088000000, 0x000000008d000000, 0x00000000d8000000)
  object space 81920K, 39% used [0x0000000088000000,0x0000000089f4fd38,0x000000008d000000)
 PSPermGen       total 26112K, used 25917K [0x0000000082e00000, 0x0000000084780000, 0x0000000088000000)
  object space 26112K, 99% used [0x0000000082e00000,0x000000008474f780,0x0000000084780000)

Card table byte_map: [0x00007ff3301bf000,0x00007ff3305a9000] byte_map_base: 0x00007ff32fda8000

Polling page: 0x00007ff33a5c2000

Code Cache  [0x00007ff3305a9000, 0x00007ff330a09000, 0x00007ff3335a9000)
 total_blobs=1490 nmethods=935 adapters=506 free_code_cache=44765Kb largest_free_block=45753856

Compilation events (10 events):
Event: 8,584 Thread 0x00007ff3340a1000 nmethod 964 0x00007ff3309e3210 code [0x00007ff3309e33a0, 0x00007ff3309e3a48]
Event: 8,584 Thread 0x00007ff3340a1000  965             org.codehaus.groovy.reflection.CachedClass::hashCode (33 bytes)
Event: 8,585 Thread 0x00007ff3340a1000 nmethod 965 0x00007ff3309e4150 code [0x00007ff3309e42a0, 0x00007ff3309e4368]
Event: 8,585 Thread 0x00007ff3340a1000  966             org.codehaus.groovy.runtime.metaclass.MetaMethodIndex::copyNonPrivateNonNewMetaMethods (24 bytes)
Event: 8,588 Thread 0x00007ff3340a1000 nmethod 966 0x00007ff3309e5050 code [0x00007ff3309e5200, 0x00007ff3309e5610]
Event: 8,588 Thread 0x00007ff3340a1000  967             org.codehaus.groovy.reflection.CachedMethod::getDeclaringClass (5 bytes)
Event: 8,588 Thread 0x00007ff3340a1000 nmethod 967 0x00007ff3309e3f50 code [0x00007ff3309e4080, 0x00007ff3309e40d8]
Event: 8,588 Thread 0x00007ff3340a1000  968             com.sun.beans.TypeResolver::resolve (37 bytes)
Event: 9,228 Thread 0x00007ff33409e000 nmethod 957 0x00007ff3309f6710 code [0x00007ff3309f6de0, 0x00007ff3309fd2d0]
Event: 9,228 Thread 0x00007ff33409e000  969   !         java.lang.reflect.Method::toGenericString (428 bytes)

GC Heap History (10 events):
Event: 1,798 GC heap after
Heap after GC invocations=2 (full 0):
 PSYoungGen      total 66560K, used 5104K [0x00000000d8000000, 0x00000000dc600000, 0x0000000100000000)
  eden space 61440K, 0% used [0x00000000d8000000,0x00000000d8000000,0x00000000dbc00000)
  from space 5120K, 99% used [0x00000000dc100000,0x00000000dc5fc030,0x00000000dc600000)
  to   space 5120K, 0% used [0x00000000dbc00000,0x00000000dbc00000,0x00000000dc100000)
 ParOldGen       total 81920K, used 6526K [0x0000000088000000, 0x000000008d000000, 0x00000000d8000000)
  object space 81920K, 7% used [0x0000000088000000,0x000000008865fa90,0x000000008d000000)
 PSPermGen       total 21504K, used 14401K [0x0000000082e00000, 0x0000000084300000, 0x0000000088000000)
  object space 21504K, 66% used [0x0000000082e00000,0x0000000083c10798,0x0000000084300000)
}
Event: 2,836 GC heap before
{Heap before GC invocations=3 (full 0):
 PSYoungGen      total 66560K, used 66544K [0x00000000d8000000, 0x00000000dc600000, 0x0000000100000000)
  eden space 61440K, 100% used [0x00000000d8000000,0x00000000dbc00000,0x00000000dbc00000)
  from space 5120K, 99% used [0x00000000dc100000,0x00000000dc5fc030,0x00000000dc600000)
  to   space 5120K, 0% used [0x00000000dbc00000,0x00000000dbc00000,0x00000000dc100000)
 ParOldGen       total 81920K, used 6526K [0x0000000088000000, 0x000000008d000000, 0x00000000d8000000)
  object space 81920K, 7% used [0x0000000088000000,0x000000008865fa90,0x000000008d000000)
 PSPermGen       total 21504K, used 20086K [0x0000000082e00000, 0x0000000084300000, 0x0000000088000000)
  object space 21504K, 93% used [0x0000000082e00000,0x000000008419d920,0x0000000084300000)
Event: 2,849 GC heap after
Heap after GC invocations=3 (full 0):
 PSYoungGen      total 66560K, used 5120K [0x00000000d8000000, 0x00000000e0200000, 0x0000000100000000)
  eden space 61440K, 0% used [0x00000000d8000000,0x00000000d8000000,0x00000000dbc00000)
  from space 5120K, 100% used [0x00000000dbc00000,0x00000000dc100000,0x00000000dc100000)
  to   space 5120K, 0% used [0x00000000dfd00000,0x00000000dfd00000,0x00000000e0200000)
 ParOldGen       total 81920K, used 13859K [0x0000000088000000, 0x000000008d000000, 0x00000000d8000000)
  object space 81920K, 16% used [0x0000000088000000,0x0000000088d88de8,0x000000008d000000)
 PSPermGen       total 21504K, used 20086K [0x0000000082e00000, 0x0000000084300000, 0x0000000088000000)
  object space 21504K, 93% used [0x0000000082e00000,0x000000008419d920,0x0000000084300000)
}
Event: 4,191 GC heap before
{Heap before GC invocations=4 (full 0):
 PSYoungGen      total 66560K, used 66560K [0x00000000d8000000, 0x00000000e0200000, 0x0000000100000000)
  eden space 61440K, 100% used [0x00000000d8000000,0x00000000dbc00000,0x00000000dbc00000)
  from space 5120K, 100% used [0x00000000dbc00000,0x00000000dc100000,0x00000000dc100000)
  to   space 5120K, 0% used [0x00000000dfd00000,0x00000000dfd00000,0x00000000e0200000)
 ParOldGen       total 81920K, used 13859K [0x0000000088000000, 0x000000008d000000, 0x00000000d8000000)
  object space 81920K, 16% used [0x0000000088000000,0x0000000088d88de8,0x000000008d000000)
 PSPermGen       total 21504K, used 20763K [0x0000000082e00000, 0x0000000084300000, 0x0000000088000000)
  object space 21504K, 96% used [0x0000000082e00000,0x0000000084246d78,0x0000000084300000)
Event: 4,209 GC heap after
Heap after GC invocations=4 (full 0):
 PSYoungGen      total 128000K, used 5104K [0x00000000d8000000, 0x00000000e0200000, 0x0000000100000000)
  eden space 122880K, 0% used [0x00000000d8000000,0x00000000d8000000,0x00000000df800000)
  from space 5120K, 99% used [0x00000000dfd00000,0x00000000e01fc010,0x00000000e0200000)
  to   space 5120K, 0% used [0x00000000df800000,0x00000000df800000,0x00000000dfd00000)
 ParOldGen       total 81920K, used 19039K [0x0000000088000000, 0x000000008d000000, 0x00000000d8000000)
  object space 81920K, 23% used [0x0000000088000000,0x0000000089297dd0,0x000000008d000000)
 PSPermGen       total 21504K, used 20763K [0x0000000082e00000, 0x0000000084300000, 0x0000000088000000)
  object space 21504K, 96% used [0x0000000082e00000,0x0000000084246d78,0x0000000084300000)
}
Event: 5,374 GC heap before
{Heap before GC invocations=5 (full 0):
 PSYoungGen      total 128000K, used 127984K [0x00000000d8000000, 0x00000000e0200000, 0x0000000100000000)
  eden space 122880K, 100% used [0x00000000d8000000,0x00000000df800000,0x00000000df800000)
  from space 5120K, 99% used [0x00000000dfd00000,0x00000000e01fc010,0x00000000e0200000)
  to   space 5120K, 0% used [0x00000000df800000,0x00000000df800000,0x00000000dfd00000)
 ParOldGen       total 81920K, used 19039K [0x0000000088000000, 0x000000008d000000, 0x00000000d8000000)
  object space 81920K, 23% used [0x0000000088000000,0x0000000089297dd0,0x000000008d000000)
 PSPermGen       total 21504K, used 20957K [0x0000000082e00000, 0x0000000084300000, 0x0000000088000000)
  object space 21504K, 97% used [0x0000000082e00000,0x00000000842774c0,0x0000000084300000)
Event: 5,390 GC heap after
Heap after GC invocations=5 (full 0):
 PSYoungGen      total 128000K, used 5104K [0x00000000d8000000, 0x00000000e8900000, 0x0000000100000000)
  eden space 122880K, 0% used [0x00000000d8000000,0x00000000d8000000,0x00000000df800000)
  from space 5120K, 99% used [0x00000000df800000,0x00000000dfcfc030,0x00000000dfd00000)
  to   space 12800K, 0% used [0x00000000e7c80000,0x00000000e7c80000,0x00000000e8900000)
 ParOldGen       total 81920K, used 23831K [0x0000000088000000, 0x000000008d000000, 0x00000000d8000000)
  object space 81920K, 29% used [0x0000000088000000,0x0000000089745e00,0x000000008d000000)
 PSPermGen       total 21504K, used 20957K [0x0000000082e00000, 0x0000000084300000, 0x0000000088000000)
  object space 21504K, 97% used [0x0000000082e00000,0x00000000842774c0,0x0000000084300000)
}
Event: 6,615 GC heap before
{Heap before GC invocations=6 (full 0):
 PSYoungGen      total 128000K, used 127984K [0x00000000d8000000, 0x00000000e8900000, 0x0000000100000000)
  eden space 122880K, 100% used [0x00000000d8000000,0x00000000df800000,0x00000000df800000)
  from space 5120K, 99% used [0x00000000df800000,0x00000000dfcfc030,0x00000000dfd00000)
  to   space 12800K, 0% used [0x00000000e7c80000,0x00000000e7c80000,0x00000000e8900000)
 ParOldGen       total 81920K, used 23831K [0x0000000088000000, 0x000000008d000000, 0x00000000d8000000)
  object space 81920K, 29% used [0x0000000088000000,0x0000000089745e00,0x000000008d000000)
 PSPermGen       total 21504K, used 21057K [0x0000000082e00000, 0x0000000084300000, 0x0000000088000000)
  object space 21504K, 97% used [0x0000000082e00000,0x0000000084290450,0x0000000084300000)
Event: 6,632 GC heap after
Heap after GC invocations=6 (full 0):
 PSYoungGen      total 257536K, used 9904K [0x00000000d8000000, 0x00000000e8800000, 0x0000000100000000)
  eden space 245760K, 0% used [0x00000000d8000000,0x00000000d8000000,0x00000000e7000000)
  from space 11776K, 84% used [0x00000000e7c80000,0x00000000e862c030,0x00000000e8800000)
  to   space 12288K, 0% used [0x00000000e7000000,0x00000000e7000000,0x00000000e7c00000)
 ParOldGen       total 81920K, used 23831K [0x0000000088000000, 0x000000008d000000, 0x00000000d8000000)
  object space 81920K, 29% used [0x0000000088000000,0x0000000089745e00,0x000000008d000000)
 PSPermGen       total 21504K, used 21057K [0x0000000082e00000, 0x0000000084300000, 0x0000000088000000)
  object space 21504K, 97% used [0x0000000082e00000,0x0000000084290450,0x0000000084300000)
}
Event: 9,397 GC heap before
{Heap before GC invocations=7 (full 0):
 PSYoungGen      total 257536K, used 255664K [0x00000000d8000000, 0x00000000e8800000, 0x0000000100000000)
  eden space 245760K, 100% used [0x00000000d8000000,0x00000000e7000000,0x00000000e7000000)
  from space 11776K, 84% used [0x00000000e7c80000,0x00000000e862c030,0x00000000e8800000)
  to   space 12288K, 0% used [0x00000000e7000000,0x00000000e7000000,0x00000000e7c00000)
 ParOldGen       total 81920K, used 23831K [0x0000000088000000, 0x000000008d000000, 0x00000000d8000000)
  object space 81920K, 29% used [0x0000000088000000,0x0000000089745e00,0x000000008d000000)
 PSPermGen       total 26112K, used 25917K [0x0000000082e00000, 0x0000000084780000, 0x0000000088000000)
  object space 26112K, 99% used [0x0000000082e00000,0x000000008474f780,0x0000000084780000)

Deoptimization events (10 events):
Event: 9,123 Thread 0x00007ff33400a000 Uncommon trap: reason=unreached action=reinterpret pc=0x00007ff33061b804 method=java.lang.AbstractStringBuilder.append(Ljava/lang/String;)Ljava/lang/AbstractStringBuilder; @ 1
Event: 9,124 Thread 0x00007ff33400a000 Uncommon trap: reason=unreached action=reinterpret pc=0x00007ff3309d9010 method=sun.util.calendar.ZoneInfo.getOffsets(J[II)I @ 4
Event: 9,135 Thread 0x00007ff33400a000 Uncommon trap: reason=unreached action=reinterpret pc=0x00007ff330828a68 method=org.codehaus.groovy.runtime.InvokerHelper.asArray(Ljava/lang/Object;)[Ljava/lang/Object; @ 1
Event: 9,169 Thread 0x00007ff33400a000 Uncommon trap: reason=class_check action=maybe_recompile pc=0x00007ff3308d0334 method=org.codehaus.groovy.runtime.InvokerHelper.write(Ljava/io/Writer;Ljava/lang/Object;)V @ 85
Event: 9,170 Thread 0x00007ff33400a000 Uncommon trap: reason=class_check action=maybe_recompile pc=0x00007ff330791798 method=sun.nio.cs.UTF_8.updatePositions(Ljava/nio/Buffer;ILjava/nio/Buffer;I)V @ 3
Event: 9,235 Thread 0x00007ff33400a000 Uncommon trap: reason=unreached action=reinterpret pc=0x00007ff3309fb948 method=java.lang.reflect.Method.equals(Ljava/lang/Object;)Z @ 49
Event: 9,244 Thread 0x00007ff33400a000 Uncommon trap: reason=bimorphic action=maybe_recompile pc=0x00007ff33077e5bc method=org.codehaus.groovy.runtime.metaclass.MetaMethodIndex.addMethodToList(Ljava/lang/Object;Lgroovy/lang/MetaMethod;)Ljava/lang/Object; @ 238
Event: 9,244 Thread 0x00007ff33400a000 Uncommon trap: reason=bimorphic action=maybe_recompile pc=0x00007ff33077e5bc method=org.codehaus.groovy.runtime.metaclass.MetaMethodIndex.addMethodToList(Ljava/lang/Object;Lgroovy/lang/MetaMethod;)Ljava/lang/Object; @ 238
Event: 9,278 Thread 0x00007ff33400a000 Uncommon trap: reason=predicate action=maybe_recompile pc=0x00007ff33083ff24 method=java.util.HashMap.putAll(Ljava/util/Map;)V @ 129
Event: 9,313 Thread 0x00007ff33400a000 Uncommon trap: reason=unreached action=reinterpret pc=0x00007ff3307bcea8 method=groovy.lang.MetaClassImpl.applyStrayPropertyMethods(Ljava/util/LinkedList;Lgroovy/lang/MetaClassImpl$Index;Z)V @ 211

Internal exceptions (10 events):
Event: 9,329 Thread 0x00007ff33400a000 Threw 0x00000000e6a05998 at /HUDSON/workspace/7u-2-build-linux-amd64/jdk7u76/1941/hotspot/src/share/vm/prims/jvm.cpp:1304
Event: 9,329 Thread 0x00007ff33400a000 Threw 0x00000000e6a062d8 at /HUDSON/workspace/7u-2-build-linux-amd64/jdk7u76/1941/hotspot/src/share/vm/classfile/systemDictionary.cpp:185
Event: 9,329 Thread 0x00007ff33400a000 Threw 0x00000000e6a31390 at /HUDSON/workspace/7u-2-build-linux-amd64/jdk7u76/1941/hotspot/src/share/vm/prims/jvm.cpp:1304
Event: 9,329 Thread 0x00007ff33400a000 Threw 0x00000000e6a329e0 at /HUDSON/workspace/7u-2-build-linux-amd64/jdk7u76/1941/hotspot/src/share/vm/prims/jvm.cpp:1304
Event: 9,329 Thread 0x00007ff33400a000 Threw 0x00000000e6a342e8 at /HUDSON/workspace/7u-2-build-linux-amd64/jdk7u76/1941/hotspot/src/share/vm/prims/jvm.cpp:1304
Event: 9,329 Thread 0x00007ff33400a000 Threw 0x00000000e6a5f7b0 at /HUDSON/workspace/7u-2-build-linux-amd64/jdk7u76/1941/hotspot/src/share/vm/prims/jvm.cpp:1304
Event: 9,329 Thread 0x00007ff33400a000 Threw 0x00000000e6a60dc0 at /HUDSON/workspace/7u-2-build-linux-amd64/jdk7u76/1941/hotspot/src/share/vm/prims/jvm.cpp:1304
Event: 9,329 Thread 0x00007ff33400a000 Threw 0x00000000e6a626c8 at /HUDSON/workspace/7u-2-build-linux-amd64/jdk7u76/1941/hotspot/src/share/vm/prims/jvm.cpp:1304
Event: 9,329 Thread 0x00007ff33400a000 Threw 0x00000000e6a66410 at /HUDSON/workspace/7u-2-build-linux-amd64/jdk7u76/1941/hotspot/src/share/vm/prims/jvm.cpp:1304
Event: 9,329 Thread 0x00007ff33400a000 Threw 0x00000000e6a66d50 at /HUDSON/workspace/7u-2-build-linux-amd64/jdk7u76/1941/hotspot/src/share/vm/classfile/systemDictionary.cpp:185

Events (10 events):
Event: 9,328 loading class 0x00007ff334fa3f20 done
Event: 9,329 loading class 0x00007ff334fa3f20
Event: 9,329 loading class 0x00007ff334fa3f20 done
Event: 9,329 loading class 0x00007ff334fa3dd0
Event: 9,329 loading class 0x00007ff334fa3dd0 done
Event: 9,329 loading class 0x00007ff334fa3dd0
Event: 9,329 loading class 0x00007ff334fa3dd0 done
Event: 9,329 loading class 0x00007ff334fa3dd0
Event: 9,329 loading class 0x00007ff334fa3dd0 done
Event: 9,395 Executing VM operation: ParallelGCFailedAllocation


Dynamic libraries:
00400000-00401000 r-xp 00000000 08:05 1470302                            /usr/lib/jvm/java-7-oracle/bin/java
00600000-00601000 rw-p 00000000 08:05 1470302                            /usr/lib/jvm/java-7-oracle/bin/java
02549000-0256a000 rw-p 00000000 00:00 0                                  [heap]
82e00000-84780000 rw-p 00000000 00:00 0 
84780000-88000000 rw-p 00000000 00:00 0 
88000000-8d000000 rw-p 00000000 00:00 0 
8d000000-d8000000 rw-p 00000000 00:00 0 
d8000000-e8800000 rw-p 00000000 00:00 0 
f8200000-100000000 rw-p 00000000 00:00 0 
7ff2dc000000-7ff2dc021000 rw-p 00000000 00:00 0 
7ff2dc021000-7ff2e0000000 ---p 00000000 00:00 0 
7ff2e39cf000-7ff2e39d9000 r--s 00251000 08:05 1469725                    /usr/lib/jvm/java-7-oracle/jre/lib/resources.jar
7ff2e39d9000-7ff2e39e6000 r--s 00109000 08:05 4596763                    /home/darkkis/.m2/repository/org/mozilla/rhino/1.7R4/rhino-1.7R4.jar
7ff2e39e6000-7ff2e39ef000 r--s 000a5000 08:05 6032901                    /home/darkkis/.m2/repository/org/javassist/javassist/3.17.1-GA/javassist-3.17.1-GA.jar
7ff2e39ef000-7ff2e39f4000 r--s 00027000 08:05 4063376                    /home/darkkis/.m2/repository/dk/brics/automaton/automaton/1.11-8/automaton-1.11-8.jar
7ff2e39f5000-7ff2e39f6000 rw-p 00000000 00:00 0 
7ff2e39f6000-7ff2e39f7000 r--s 00000000 08:05 3426711                    /home/darkkis/gradu/airline-external/target/work/plugins/build-test-data-2.4.0/lib/xeger-1.0-SNAPSHOT.jar
7ff2e39f7000-7ff2e3a08000 r--s 000d2000 08:05 4596770                    /home/darkkis/.m2/repository/org/liquibase/liquibase-core/2.0.5/liquibase-core-2.0.5.jar
7ff2e3a08000-7ff2e3a0a000 r--s 00011000 08:05 6032902                    /home/darkkis/.m2/repository/org/jboss/jandex/1.1.0.Final/jandex-1.1.0.Final.jar
7ff2e3a0a000-7ff2e3a0b000 r--s 00006000 08:05 6032911                    /home/darkkis/.m2/repository/org/jboss/spec/javax/transaction/jboss-transaction-api_1.2_spec/1.0.0.Final/jboss-transaction-api_1.2_spec-1.0.0.Final.jar
7ff2e3a0b000-7ff2e3a6a000 r--s 004ab000 08:05 6033669                    /home/darkkis/.m2/repository/org/hibernate/hibernate-core/4.3.10.Final/hibernate-core-4.3.10.Final.jar
7ff2e3a6a000-7ff2e3a6f000 r--s 00048000 08:05 6031514                    /home/darkkis/.m2/repository/dom4j/dom4j/1.6.1/dom4j-1.6.1.jar
7ff2e3a6f000-7ff2e3a72000 r--s 00010000 08:05 6687987                    /home/darkkis/.m2/repository/org/hibernate/common/hibernate-commons-annotations/4.0.5.Final/hibernate-commons-annotations-4.0.5.Final.jar
7ff2e3a72000-7ff2e3a7a000 r--s 00054000 08:05 4587827                    /home/darkkis/.m2/repository/org/springframework/spring-orm/4.1.8.RELEASE/spring-orm-4.1.8.RELEASE.jar
7ff2e3a7a000-7ff2e3a7f000 r--s 00068000 08:05 4596765                    /home/darkkis/.m2/repository/antlr/antlr/2.7.7/antlr-2.7.7.jar
7ff2e3a7f000-7ff2e3a85000 r--s 00042000 08:05 4587800                    /home/darkkis/.m2/repository/org/grails/grails-datastore-gorm-hibernate-core/5.0.0.RC1/grails-datastore-gorm-hibernate-core-5.0.0.RC1.jar
7ff2e3a85000-7ff2e3a87000 r--s 0000d000 08:05 6032905                    /home/darkkis/.m2/repository/com/fasterxml/classmate/1.0.0/classmate-1.0.0.jar
7ff2e3a87000-7ff2e3a8b000 r--s 0000c000 08:05 6032922                    /home/darkkis/.m2/repository/javax/validation/validation-api/1.1.0.Final/validation-api-1.1.0.Final.jar
7ff2e3a8b000-7ff2e3a98000 r--s 00080000 08:05 6032903                    /home/darkkis/.m2/repository/org/hibernate/hibernate-validator/5.0.3.Final/hibernate-validator-5.0.3.Final.jar
7ff2e3a98000-7ff2e3a9d000 r--s 00035000 08:05 4587796                    /home/darkkis/.m2/repository/org/grails/grails-datastore-gorm-hibernate4/5.0.0.RC1/grails-datastore-gorm-hibernate4-5.0.0.RC1.jar
7ff2e3a9d000-7ff2e3aa0000 r--s 00011000 08:05 4328730                    /home/darkkis/.m2/repository/org/grails/grails-datastore-gorm-grails2-support/5.0.0.RC1/grails-datastore-gorm-grails2-support-5.0.0.RC1.jar
7ff2e3aa0000-7ff2e3aa7000 r--s 00044000 08:05 4328728                    /home/darkkis/.m2/repository/org/grails/grails-datastore-simple/5.0.0.RC1/grails-datastore-simple-5.0.0.RC1.jar
7ff2e3aa7000-7ff2e3ab1000 r--s 0007e000 08:05 4587794                    /home/darkkis/.m2/repository/org/grails/grails-datastore-gorm/5.0.0.RC1/grails-datastore-gorm-5.0.0.RC1.jar
7ff2e3ab1000-7ff2e3ac1000 r--s 000a1000 08:05 3051793                    /home/darkkis/.sdkman/candidates/grails/2.5.3/lib/org.springframework/spring-web/jars/spring-web-4.1.8.RELEASE.jar
7ff2e3ac1000-7ff2e3ac2000 r--s 00000000 08:05 4989715                    /home/darkkis/.m2/repository/org/grails/grails-datastore-web/5.0.0.RC1/grails-datastore-web-5.0.0.RC1.jar
7ff2e3ac2000-7ff2e3ac3000 r--s 00003000 08:05 3051575                    /home/darkkis/.sdkman/candidates/grails/2.5.3/lib/javax.transaction/jta/jars/jta-1.1.jar
7ff2e3ac3000-7ff2e3b10000 r--s 0040c000 08:05 6038464                    /home/darkkis/.m2/repository/org/codehaus/groovy/groovy/2.4.4/groovy-2.4.4.jar
7ff2e3b10000-7ff2e3b1b000 r--s 0005e000 08:05 4328726                    /home/darkkis/.m2/repository/org/grails/grails-datastore-core/5.0.0.RC1/grails-datastore-core-5.0.0.RC1.jar
7ff2e3b1b000-7ff2e3b1d000 r--s 0000d000 08:05 6032915                    /home/darkkis/.m2/repository/org/jboss/logging/jboss-logging/3.1.0.GA/jboss-logging-3.1.0.GA.jar
7ff2e3b1d000-7ff2e3bf5000 r--s 007c3000 08:05 5385456                    /home/darkkis/.m2/repository/net/sf/ehcache/ehcache/2.9.0/ehcache-2.9.0.jar
7ff2e3bf5000-7ff2e3c0a000 r--s 000e1000 08:05 6687985                    /home/darkkis/.m2/repository/net/sf/ehcache/ehcache-core/2.4.3/ehcache-core-2.4.3.jar
7ff2e3c0a000-7ff2e3c0b000 r--s 00002000 08:05 6032919                    /home/darkkis/.m2/repository/org/jboss/logging/jboss-logging-annotations/1.2.0.Beta1/jboss-logging-annotations-1.2.0.Beta1.jar
7ff2e3c0b000-7ff2e3c0f000 r--s 0001e000 08:05 6033667                    /home/darkkis/.m2/repository/org/hibernate/hibernate-ehcache/4.3.10.Final/hibernate-ehcache-4.3.10.Final.jar
7ff2e3c0f000-7ff2e3c11000 r--s 0000d000 08:05 5650104                    /home/darkkis/.m2/repository/commons-logging/commons-logging/1.1.1/commons-logging-1.1.1.jar
7ff2e3c11000-7ff2e3c19000 r--s 0007b000 08:05 6033665                    /home/darkkis/.m2/repository/com/google/protobuf/protobuf-java/2.5.0/protobuf-java-2.5.0.jar
7ff2e3c19000-7ff2e3c44000 r--s 001fc000 08:05 6040775                    /home/darkkis/.m2/repository/com/google/guava/guava/18.0/guava-18.0.jar
7ff2e3c44000-7ff2e3c47000 r--s 00010000 08:05 4861490                    /home/darkkis/.m2/repository/args4j/args4j/2.0.26/args4j-2.0.26.jar
7ff2e3c47000-7ff2e3c48000 r--s 0001c000 08:05 6697655                    /home/darkkis/.m2/repository/com/google/javascript/closure-compiler-externs/v20141023/closure-compiler-externs-v20141023.jar
7ff2e3c48000-7ff2e3c79000 r--s 002cc000 08:05 6697653                    /home/darkkis/.m2/repository/com/google/javascript/closure-compiler/v20141023/closure-compiler-v20141023.jar
7ff2e3c79000-7ff2e3c7c000 r--s 00033000 08:05 6303053                    /home/darkkis/.m2/repository/com/bertramlabs/plugins/asset-pipeline-core/2.6.9/asset-pipeline-core-2.6.9.jar
7ff2e3c7c000-7ff2e3c86000 r--s 00098000 08:05 6038817                    /home/darkkis/.m2/repository/org/quartz-scheduler/quartz/2.2.1/quartz-2.2.1.jar
7ff2e3c86000-7ff2e3c8f000 r--s 0004f000 08:05 3051759                    /home/darkkis/.sdkman/candidates/grails/2.5.3/lib/org.springframework/spring-aop/jars/spring-aop-4.1.8.RELEASE.jar
7ff2e3c8f000-7ff2e3c94000 r--s 0003b000 08:05 3051777                    /home/darkkis/.sdkman/candidates/grails/2.5.3/lib/org.springframework/spring-expression/jars/spring-expression-4.1.8.RELEASE.jar
7ff2e3c94000-7ff2e3cb7000 r--s 001ce000 08:05 6185967                    /home/darkkis/.m2/repository/com/sun/xml/bind/jaxb-xjc/2.2.11/jaxb-xjc-2.2.11.jar
7ff2e3cb7000-7ff2e3cc9000 r--s 000ee000 08:05 6185965                    /home/darkkis/.m2/repository/com/sun/xml/bind/jaxb-impl/2.2.11/jaxb-impl-2.2.11.jar
7ff2e3cc9000-7ff2e3ccb000 r--s 00018000 08:05 6185963                    /home/darkkis/.m2/repository/org/apache/cxf/cxf-rt-databinding-jaxb/3.0.4/cxf-rt-databinding-jaxb-3.0.4.jar
7ff2e3ccb000-7ff2e3ccf000 r--s 00027000 08:05 6185962                    /home/darkkis/.m2/repository/org/apache/cxf/cxf-rt-bindings-soap/3.0.4/cxf-rt-bindings-soap-3.0.4.jar
7ff2e3ccf000-7ff2e3cd1000 r--s 00028000 08:05 5773963                    /home/darkkis/.m2/repository/org/apache/cxf/cxf-rt-wsdl/3.0.4/cxf-rt-wsdl-3.0.4.jar
7ff2e3cd1000-7ff2e3cd4000 r--s 00016000 08:05 6185960                    /home/darkkis/.m2/repository/org/apache/cxf/cxf-rt-frontend-simple/3.0.4/cxf-rt-frontend-simple-3.0.4.jar
7ff2e3cd4000-7ff2e3cd6000 r--s 00005000 08:05 6033685                    /home/darkkis/.m2/repository/javax/annotation/javax.annotation-api/1.2/javax.annotation-api-1.2.jar
7ff2e3cd6000-7ff2e3cda000 r--s 00019000 08:05 6185958                    /home/darkkis/.m2/repository/javax/ws/rs/javax.ws.rs-api/2.0.1/javax.ws.rs-api-2.0.1.jar
7ff2e3cda000-7ff2e3ce2000 r--s 00089000 08:05 6185955                    /home/darkkis/.m2/repository/org/apache/cxf/cxf-rt-frontend-jaxrs/3.0.4/cxf-rt-frontend-jaxrs-3.0.4.jar
7ff2e3ce2000-7ff2e3ce4000 r--s 00010000 08:05 6185954                    /home/darkkis/.m2/repository/org/apache/neethi/neethi/3.0.3/neethi-3.0.3.jar
7ff2e3ce4000-7ff2e3ce8000 r--s 00030000 08:05 6185953                    /home/darkkis/.m2/repository/org/apache/cxf/cxf-rt-ws-policy/3.0.4/cxf-rt-ws-policy-3.0.4.jar
7ff2e3ce8000-7ff2e3cea000 r--s 00011000 08:05 6185950                    /home/darkkis/.m2/repository/org/apache/cxf/cxf-rt-ws-addr/3.0.4/cxf-rt-ws-addr-3.0.4.jar
7ff2e3cea000-7ff2e3cef000 r--s 0004a000 08:05 6185947                    /home/darkkis/.m2/repository/org/apache/cxf/cxf-rt-transports-http/3.0.4/cxf-rt-transports-http-3.0.4.jar
7ff2e3cef000-7ff2e3cf1000 r--s 00008000 08:05 6185945                    /home/darkkis/.m2/repository/org/apache/cxf/cxf-rt-bindings-xml/3.0.4/cxf-rt-bindings-xml-3.0.4.jar
7ff2e3cf1000-7ff2e3cf6000 r--s 0004f000 08:05 6185943                    /home/darkkis/.m2/repository/org/apache/cxf/cxf-rt-frontend-jaxws/3.0.4/cxf-rt-frontend-jaxws-3.0.4.jar
7ff2e3cf6000-7ff2e3cf8000 r--s 0000a000 08:05 5773961                    /home/darkkis/.m2/repository/org/apache/cxf/cxf-tools-wsdlto-databinding-jaxb/3.0.4/cxf-tools-wsdlto-databinding-jaxb-3.0.4.jar
7ff2e3cf8000-7ff2e3cfa000 r--s 00013000 08:05 4855354                    /home/darkkis/.m2/repository/xml-resolver/xml-resolver/1.2/xml-resolver-1.2.jar
7ff2e3cfa000-7ff2e3cfd000 r--s 00027000 08:05 6185941                    /home/darkkis/.m2/repository/org/apache/cxf/cxf-tools-wsdlto-frontend-jaxws/3.0.4/cxf-tools-wsdlto-frontend-jaxws-3.0.4.jar
7ff2e3cfd000-7ff2e3d03000 r--s 00038000 08:05 6185939                    /home/darkkis/.m2/repository/com/sun/xml/bind/jaxb-core/2.2.11/jaxb-core-2.2.11.jar
7ff2e3d03000-7ff2e3d07000 r--s 0002a000 08:05 6169561                    /home/darkkis/.m2/repository/wsdl4j/wsdl4j/1.6.3/wsdl4j-1.6.3.jar
7ff2e3d07000-7ff2e3d15000 r--s 0007f000 08:05 3051543                    /home/darkkis/.sdkman/candidates/grails/2.5.3/lib/commons-collections/commons-collections/jars/commons-collections-3.2.1.jar
7ff2e3d15000-7ff2e3d1d000 r--s 00066000 08:05 6160815                    /home/darkkis/.m2/repository/org/apache/velocity/velocity/1.7/velocity-1.7.jar
7ff2e3d1d000-7ff2e3d1f000 r--s 00010000 08:05 6185938                    /home/darkkis/.m2/repository/org/apache/cxf/cxf-tools-validator/3.0.4/cxf-tools-validator-3.0.4.jar
7ff2e3d1f000-7ff2e3d23000 r--s 00025000 08:05 6185934                    /home/darkkis/.m2/repository/org/apache/cxf/cxf-tools-common/3.0.4/cxf-tools-common-3.0.4.jar
7ff2e3d23000-7ff2e3d25000 r--s 0000e000 08:05 6185933                    /home/darkkis/.m2/repository/org/apache/cxf/cxf-tools-wsdlto-core/3.0.4/cxf-tools-wsdlto-core-3.0.4.jar
7ff2e3d25000-7ff2e3d29000 r--s 00026000 08:05 6185930                    /home/darkkis/.m2/repository/org/apache/ws/xmlschema/xmlschema-core/2.2.1/xmlschema-core-2.2.1.jar
7ff2e3d29000-7ff2e3d2d000 r--s 00024000 08:05 6169560                    /home/darkkis/.m2/repository/org/codehaus/woodstox/stax2-api/3.1.4/stax2-api-3.1.4.jar
7ff2e3d2d000-7ff2e3d33000 r--s 00071000 08:05 6185928                    /home/darkkis/.m2/repository/org/codehaus/woodstox/woodstox-core-asl/4.4.1/woodstox-core-asl-4.4.1.jar
7ff2e3d33000-7ff2e3d4b000 r--s 0012f000 08:05 5773959                    /home/darkkis/.m2/repository/org/apache/cxf/cxf-core/3.0.4/cxf-core-3.0.4.jar
7ff2e3d4b000-7ff2e3d4d000 r--s 00009000 08:05 3051535                    /home/darkkis/.sdkman/candidates/grails/2.5.3/lib/commons-cli/commons-cli/jars/commons-cli-1.2.jar
7ff2e3d4d000-7ff2e3d4f000 r--s 00008000 08:05 5518646                    /home/darkkis/.m2/repository/org/grails/grails-datastore-test-support/1.0.2-grails-2.4/grails-datastore-test-support-1.0.2-grails-2.4.jar
7ff2e3d4f000-7ff2e3d57000 r--s 000cf000 08:05 4855298                    /home/darkkis/.m2/repository/mysql/mysql-connector-java/5.1.29/mysql-connector-java-5.1.29.jar
7ff2e3d57000-7ff2e3d59000 r--s 00087000 08:05 3052669                    /home/darkkis/.sdkman/candidates/grails/2.5.3/dist/grails-resources-2.5.3.jar
7ff2e3d59000-7ff2e3d62000 r--s 0006f000 08:05 3051584                    /home/darkkis/.sdkman/candidates/grails/2.5.3/lib/log4j/log4j/jars/log4j-1.2.17.jar
7ff2e3d62000-7ff2e3d6f000 r--s 00189000 08:05 3051527                    /home/darkkis/.sdkman/candidates/grails/2.5.3/lib/com.h2database/h2/jars/h2-1.3.176.jar
7ff2e3d6f000-7ff2e3d71000 r--s 00009000 08:05 3051714                    /home/darkkis/.sdkman/candidates/grails/2.5.3/lib/org.hamcrest/hamcrest-core/jars/hamcrest-core-1.3.jar
7ff2e3d71000-7ff2e3d79000 r--s 00045000 08:05 3051580                    /home/darkkis/.sdkman/candidates/grails/2.5.3/lib/junit/junit/jars/junit-4.12.jar
7ff2e3d79000-7ff2e3d7f000 r--s 0004a000 08:05 5909363                    /home/darkkis/.m2/repository/cglib/cglib-nodep/2.2.2/cglib-nodep-2.2.2.jar
7ff2e3d7f000-7ff2e3d8c000 r--s 00083000 08:05 3051755                    /home/darkkis/.sdkman/candidates/grails/2.5.3/lib/org.spockframework/spock-core/jars/spock-core-1.0-groovy-2.4.jar
7ff2e3d8c000-7ff2e3d98000 r--s 0006f000 08:05 3051785                    /home/darkkis/.sdkman/candidates/grails/2.5.3/lib/org.springframework/spring-test/jars/spring-test-4.1.8.RELEASE.jar
7ff2e3d98000-7ff2e3d99000 r--s 0000a000 08:05 3051504                    /home/darkkis/.sdkman/candidates/grails/2.5.3/lib/asm/asm/jars/asm-3.3.1.jar
7ff2e3d99000-7ff2e3da0000 r--s 00040000 08:05 3051512                    /home/darkkis/.sdkman/candidates/grails/2.5.3/lib/cglib/cglib/jars/cglib-2.2.2.jar
7ff2e3da0000-7ff2e3da3000 r--s 00009000 08:05 3051723                    /home/darkkis/.sdkman/candidates/grails/2.5.3/lib/org.objenesis/objenesis/jars/objenesis-1.4.jar
7ff2e3da3000-7ff2e3da8000 r--s 00037000 08:05 3052732                    /home/darkkis/.sdkman/candidates/grails/2.5.3/dist/grails-test-2.5.3.jar
7ff2e3da8000-7ff2e3daa000 r--s 0000a000 08:05 3052501                    /home/darkkis/.sdkman/candidates/grails/2.5.3/dist/grails-plugin-mimetypes-2.5.3.jar
7ff2e3daa000-7ff2e3dae000 r--s 0001f000 08:05 3052333                    /home/darkkis/.sdkman/candidates/grails/2.5.3/dist/grails-plugin-converters-2.5.3.jar
7ff2e3dae000-7ff2e3db1000 r--s 00016000 08:05 3052396                    /home/darkkis/.sdkman/candidates/grails/2.5.3/dist/grails-plugin-domain-class-2.5.3.jar
7ff2e3db1000-7ff2e3db9000 r--s 00070000 08:05 3052585                    /home/darkkis/.sdkman/candidates/grails/2.5.3/dist/grails-plugin-testing-2.5.3.jar
7ff2e3db9000-7ff2e3dba000 r--s 0000e000 08:05 3051650                    /home/darkkis/.sdkman/candidates/grails/2.5.3/lib/org.codehaus.jsr166-mirror/jsr166y/jars/jsr166y-1.7.0.jar
7ff2e3dba000-7ff2e3dd6000 r--s 00136000 08:05 3051642                    /home/darkkis/.sdkman/candidates/grails/2.5.3/lib/org.codehaus.gpars/gpars/jars/gpars-1.2.1.jar
7ff2e3dd6000-7ff2e3dd8000 r--s 0000c000 08:05 3052123                    /home/darkkis/.sdkman/candidates/grails/2.5.3/dist/grails-async-2.5.3.jar
7ff2e3dd8000-7ff2e3dda000 r--s 0000a000 08:05 3052270                    /home/darkkis/.sdkman/candidates/grails/2.5.3/dist/grails-plugin-async-2.5.3.jar
7ff2e3dda000-7ff2e3dde000 r--s 00019000 08:05 3051523                    /home/darkkis/.sdkman/candidates/grails/2.5.3/lib/com.googlecode.concurrentlinkedhashmap/concurrentlinkedhashmap-lru/jars/concurrentlinkedhashmap-lru-1.4.jar
7ff2e3dde000-7ff2e3de2000 r--s 00028000 08:05 3051550                    /home/darkkis/.sdkman/candidates/grails/2.5.3/lib/commons-validator/commons-validator/jars/commons-validator-1.4.0.jar
7ff2e3de2000-7ff2e3de4000 r--s 00014000 08:05 3052753                    /home/darkkis/.sdkman/candidates/grails/2.5.3/dist/grails-validation-2.5.3.jar
7ff2e3de4000-7ff2e3de6000 r--s 0000c000 08:05 3052606                    /home/darkkis/.sdkman/candidates/grails/2.5.3/dist/grails-plugin-url-mappings-2.5.3.jar
7ff2e3de6000-7ff2e3de8000 r--s 00004000 08:05 3052564                    /home/darkkis/.sdkman/candidates/grails/2.5.3/dist/grails-plugin-servlets-2.5.3.jar
7ff2e3de8000-7ff2e3def000 r--s 00037000 08:05 3051789                    /home/darkkis/.sdkman/candidates/grails/2.5.3/lib/org.springframework/spring-tx/jars/spring-tx-4.1.8.RELEASE.jar
7ff2e3def000-7ff2e3dff000 r-xp 00000000 08:05 1470176                    /usr/lib/jvm/java-7-oracle/jre/lib/amd64/libnio.so
7ff2e3dff000-7ff2e3fff000 ---p 00010000 08:05 1470176                    /usr/lib/jvm/java-7-oracle/jre/lib/amd64/libnio.so
7ff2e3fff000-7ff2e4000000 rw-p 00010000 08:05 1470176                    /usr/lib/jvm/java-7-oracle/jre/lib/amd64/libnio.so
7ff2e4000000-7ff2e4021000 rw-p 00000000 00:00 0 
7ff2e4021000-7ff2e8000000 ---p 00000000 00:00 0 
7ff2e8000000-7ff2e8021000 rw-p 00000000 00:00 0 
7ff2e8021000-7ff2ec000000 ---p 00000000 00:00 0 
7ff2ec000000-7ff2ecfd2000 rw-p 00000000 00:00 0 
7ff2ecfd2000-7ff2f0000000 ---p 00000000 00:00 0 
7ff2f0000000-7ff2f0021000 rw-p 00000000 00:00 0 
7ff2f0021000-7ff2f4000000 ---p 00000000 00:00 0 
7ff2f4000000-7ff2f4021000 rw-p 00000000 00:00 0 
7ff2f4021000-7ff2f8000000 ---p 00000000 00:00 0 
7ff2f8000000-7ff2fab59000 rw-p 00000000 00:00 0 
7ff2fab59000-7ff2fc000000 ---p 00000000 00:00 0 
7ff2fc000000-7ff2fc021000 rw-p 00000000 00:00 0 
7ff2fc021000-7ff300000000 ---p 00000000 00:00 0 
7ff300000000-7ff300021000 rw-p 00000000 00:00 0 
7ff300021000-7ff304000000 ---p 00000000 00:00 0 
7ff304000000-7ff30426e000 rw-p 00000000 00:00 0 
7ff30426e000-7ff308000000 ---p 00000000 00:00 0 
7ff308000000-7ff308021000 rw-p 00000000 00:00 0 
7ff308021000-7ff30c000000 ---p 00000000 00:00 0 
7ff30c000000-7ff30c001000 r--s 00008000 08:05 3052543                    /home/darkkis/.sdkman/candidates/grails/2.5.3/dist/grails-plugin-services-2.5.3.jar
7ff30c001000-7ff30c002000 r--s 00001000 08:05 3051731                    /home/darkkis/.sdkman/candidates/grails/2.5.3/lib/org.slf4j/jul-to-slf4j/jars/jul-to-slf4j-1.7.5.jar
7ff30c002000-7ff30c004000 r--s 0000b000 08:05 3052480                    /home/darkkis/.sdkman/candidates/grails/2.5.3/dist/grails-plugin-log4j-2.5.3.jar
7ff30c004000-7ff30c005000 r--s 0000a000 08:05 3052900                    /home/darkkis/.sdkman/candidates/grails/2.5.3/dist/grails-web-gsp-taglib-2.5.3.jar
7ff30c005000-7ff30c006000 r--s 00000000 08:05 3052249                    /home/darkkis/.sdkman/candidates/grails/2.5.3/dist/grails-logging-2.5.3.jar
7ff30c006000-7ff30c00b000 r--s 0002a000 08:05 3052228                    /home/darkkis/.sdkman/candidates/grails/2.5.3/dist/grails-encoder-2.5.3.jar
7ff30c00b000-7ff30c00d000 r--s 0000e000 08:05 3052291                    /home/darkkis/.sdkman/candidates/grails/2.5.3/dist/grails-plugin-codecs-2.5.3.jar
7ff30c00d000-7ff30c013000 r--s 0004c000 08:05 3052438                    /home/darkkis/.sdkman/candidates/grails/2.5.3/dist/grails-plugin-gsp-2.5.3.jar
7ff30c013000-7ff30c015000 r--s 00009000 08:05 3052417                    /home/darkkis/.sdkman/candidates/grails/2.5.3/dist/grails-plugin-filters-2.5.3.jar
7ff30c015000-7ff30c016000 r--s 00004000 08:05 3052459                    /home/darkkis/.sdkman/candidates/grails/2.5.3/dist/grails-plugin-i18n-2.5.3.jar
7ff30c016000-7ff30c017000 r--s 00009000 08:05 3052711                    /home/darkkis/.sdkman/candidates/grails/2.5.3/dist/grails-spring-2.5.3.jar
7ff30c017000-7ff30c01c000 r--s 00017000 08:05 3051718                    /home/darkkis/.sdkman/candidates/grails/2.5.3/lib/org.hibernate.javax.persistence/hibernate-jpa-2.1-api/jars/hibernate-jpa-2.1-api-1.0.0.Final.jar
7ff30c01c000-7ff30c029000 r--s 000a1000 08:05 3051764                    /home/darkkis/.sdkman/candidates/grails/2.5.3/lib/org.springframework/spring-beans/jars/spring-beans-4.1.8.RELEASE.jar
7ff30c029000-7ff30c03e000 r--s 000e2000 08:05 3051773                    /home/darkkis/.sdkman/candidates/grails/2.5.3/lib/org.springframework/spring-core/jars/spring-core-4.1.8.RELEASE.jar
7ff30c03e000-7ff30c04b000 r--s 00096000 08:05 3052165                    /home/darkkis/.sdkman/candidates/grails/2.5.3/dist/grails-core-2.5.3.jar
7ff30c04b000-7ff30c04c000 r--s 00004000 08:05 3052354                    /home/darkkis/.sdkman/candidates/grails/2.5.3/dist/grails-plugin-databinding-2.5.3.jar
7ff30c04c000-7ff30c04e000 r--s 00009000 08:05 3052627                    /home/darkkis/.sdkman/candidates/grails/2.5.3/dist/grails-plugin-validation-2.5.3.jar
7ff30c04e000-7ff30c051000 r--s 0001d000 08:05 3052312                    /home/darkkis/.sdkman/candidates/grails/2.5.3/dist/grails-plugin-controllers-2.5.3.jar
7ff30c051000-7ff30c056000 r--s 0002a000 08:05 3051515                    /home/darkkis/.sdkman/candidates/grails/2.5.3/lib/com.google.code.gson/gson/jars/gson-2.2.4.jar
7ff30c056000-7ff30c05a000 r--s 00019000 08:05 3051636                    /home/darkkis/.sdkman/candidates/grails/2.5.3/lib/org.aspectj/aspectjrt/jars/aspectjrt-1.8.5.jar
7ff30c05a000-7ff30c05d000 r--s 00014000 08:05 3052816                    /home/darkkis/.sdkman/candidates/grails/2.5.3/dist/grails-web-databinding-2.5.3.jar
7ff30c05d000-7ff30c060000 r--s 00020000 08:05 3052921                    /home/darkkis/.sdkman/candidates/grails/2.5.3/dist/grails-web-jsp-2.5.3.jar
7ff30c060000-7ff30c062000 r--s 00009000 08:05 3052942                    /home/darkkis/.sdkman/candidates/grails/2.5.3/dist/grails-web-mvc-2.5.3.jar
7ff30c062000-7ff30c068000 r--s 00027000 08:05 3051586                    /home/darkkis/.sdkman/candidates/grails/2.5.3/lib/opensymphony/sitemesh/jars/sitemesh-2.4.jar
7ff30c068000-7ff30c06a000 r--s 0000b000 08:05 3052963                    /home/darkkis/.sdkman/candidates/grails/2.5.3/dist/grails-web-sitemesh-2.5.3.jar
7ff30c06a000-7ff30c082000 r--s 001af000 08:05 6040891                    /home/darkkis/.m2/repository/org/aspectj/aspectjweaver/1.8.5/aspectjweaver-1.8.5.jar
7ff30c082000-7ff30c084000 r--s 0000c000 08:05 3051760                    /home/darkkis/.sdkman/candidates/grails/2.5.3/lib/org.springframework/spring-aspects/jars/spring-aspects-4.1.8.RELEASE.jar
7ff30c084000-7ff30c087000 r--s 00020000 08:05 3052984                    /home/darkkis/.sdkman/candidates/grails/2.5.3/dist/grails-web-url-mappings-2.5.3.jar
7ff30c087000-7ff30c08b000 r--s 00027000 08:05 3051545                    /home/darkkis/.sdkman/candidates/grails/2.5.3/lib/commons-io/commons-io/jars/commons-io-2.2.jar
7ff30c08b000-7ff30c08d000 r--s 0000f000 08:05 3051544                    /home/darkkis/.sdkman/candidates/grails/2.5.3/lib/commons-fileupload/commons-fileupload/jars/commons-fileupload-1.3.1.jar
7ff30c08d000-7ff30c091000 r--s 00028000 08:05 3051769                    /home/darkkis/.sdkman/candidates/grails/2.5.3/lib/org.springframework/spring-context-support/jars/spring-context-support-4.1.8.RELEASE.jar
7ff30c091000-7ff30c0a0000 r--s 000b1000 08:05 3051794                    /home/darkkis/.sdkman/candidates/grails/2.5.3/lib/org.springframework/spring-webmvc/jars/spring-webmvc-4.1.8.RELEASE.jar
7ff30c0a0000-7ff30c0a3000 r--s 0000d000 08:05 3052186                    /home/darkkis/.sdkman/candidates/grails/2.5.3/dist/grails-databinding-2.5.3.jar
7ff30c0a3000-7ff30c0a8000 r--s 0002c000 08:05 3052795                    /home/darkkis/.sdkman/candidates/grails/2.5.3/dist/grails-web-common-2.5.3.jar
7ff30c0a8000-7ff30c0af000 r--s 00049000 08:05 3052879                    /home/darkkis/.sdkman/candidates/grails/2.5.3/dist/grails-web-gsp-2.5.3.jar
7ff30c0af000-7ff30c0b1000 r--s 00009000 08:05 3052774                    /home/darkkis/.sdkman/candidates/grails/2.5.3/dist/grails-web-2.5.3.jar
7ff30c0b1000-7ff30c0bb000 r--s 0005f000 08:05 3051781                    /home/darkkis/.sdkman/candidates/grails/2.5.3/lib/org.springframework/spring-jdbc/jars/spring-jdbc-4.1.8.RELEASE.jar
7ff30c0bb000-7ff30c0bd000 r--s 00008000 08:05 3051629                    /home/darkkis/.sdkman/candidates/grails/2.5.3/lib/org.apache.tomcat/tomcat-juli/jars/tomcat-juli-7.0.50.jar
7ff30c0bd000-7ff30c0bf000 r--s 0001d000 08:05 3051626                    /home/darkkis/.sdkman/candidates/grails/2.5.3/lib/org.apache.tomcat/tomcat-jdbc/jars/tomcat-jdbc-7.0.50.jar
7ff30c0bf000-7ff30c0c1000 r--s 00013000 08:05 3051632                    /home/darkkis/.sdkman/candidates/grails/2.5.3/lib/org.apache.tomcat.embed/tomcat-embed-logging-log4j/jars/tomcat-embed-logging-log4j-7.0.50.jar
7ff30c0c1000-7ff30c0d9000 r--s 000e3000 08:05 3051768                    /home/darkkis/.sdkman/candidates/grails/2.5.3/lib/org.springframework/spring-context/jars/spring-context-4.1.8.RELEASE.jar
7ff30c0d9000-7ff30c0db000 r--s 0000a000 08:05 3052375                    /home/darkkis/.sdkman/candidates/grails/2.5.3/dist/grails-plugin-datasource-2.5.3.jar
7ff30c0db000-7ff30c0df000 r--s 00028000 08:05 3052522                    /home/darkkis/.sdkman/candidates/grails/2.5.3/dist/grails-plugin-rest-2.5.3.jar
7ff30c0df000-7ff30c0e2000 r--s 00012000 08:05 3051569                    /home/darkkis/.sdkman/candidates/grails/2.5.3/lib/javax.servlet/javax.servlet-api/jars/javax.servlet-api-3.0.1.jar
7ff30c0e2000-7ff30c104000 r--s 0026b000 08:05 5773681                    /home/darkkis/.m2/repository/org/apache/tomcat/embed/tomcat-embed-core/7.0.55/tomcat-embed-core-7.0.55.jar
7ff30c104000-7ff30c114000 r--s 0019c000 08:05 6032739                    /home/darkkis/.m2/repository/org/eclipse/jdt/core/compiler/ecj/3.7.2/ecj-3.7.2.jar
7ff30c114000-7ff30c119000 r--s 0002f000 08:05 5650050                    /home/darkkis/.m2/repository/org/apache/tomcat/embed/tomcat-embed-websocket/7.0.55/tomcat-embed-websocket-7.0.55.jar
7ff30c119000-7ff30c11b000 r--s 00013000 08:05 5650048                    /home/darkkis/.m2/repository/org/apache/tomcat/embed/tomcat-embed-logging-log4j/7.0.55/tomcat-embed-logging-log4j-7.0.55.jar
7ff30c11b000-7ff30c11e000 r--s 00028000 08:05 5650046                    /home/darkkis/.m2/repository/org/apache/tomcat/embed/tomcat-embed-el/7.0.55/tomcat-embed-el-7.0.55.jar
7ff30c11e000-7ff30c127000 r--s 0009f000 08:05 5650045                    /home/darkkis/.m2/repository/org/apache/tomcat/embed/tomcat-embed-jasper/7.0.55/tomcat-embed-jasper-7.0.55.jar
7ff30c127000-7ff30c129000 r--s 0000c000 08:05 5650042                    /home/darkkis/.m2/repository/org/apache/tomcat/tomcat-catalina-ant/7.0.55/tomcat-catalina-ant-7.0.55.jar
7ff30c129000-7ff30c12e000 r--s 00041000 08:05 3051549                    /home/darkkis/.sdkman/candidates/grails/2.5.3/lib/commons-lang/commons-lang/jars/commons-lang-2.6.jar
7ff30c12e000-7ff30c14f000 r--s 0015a000 08:05 3051508                    /home/darkkis/.sdkman/candidates/grails/2.5.3/lib/bouncycastle/bcprov-jdk14/jars/bcprov-jdk14-138.jar
7ff30c14f000-7ff30c153000 r--s 0002b000 08:05 3051506                    /home/darkkis/.sdkman/candidates/grails/2.5.3/lib/bouncycastle/bcmail-jdk14/jars/bcmail-jdk14-138.jar
7ff30c153000-7ff30c160000 r--s 0011c000 08:05 3051531                    /home/darkkis/.sdkman/candidates/grails/2.5.3/lib/com.lowagie/itext/jars/itext-2.0.8.jar
7ff30c160000-7ff30c166000 r--s 00043000 08:05 3051722                    /home/darkkis/.sdkman/candidates/grails/2.5.3/lib/org.jsoup/jsoup/jars/jsoup-1.7.3.jar
7ff30c166000-7ff30c16a000 r--s 0001c000 08:05 3051710                    /home/darkkis/.sdkman/candidates/grails/2.5.3/lib/org.grails/grails-gdoc-engine/jars/grails-gdoc-engine-1.0.1.jar
7ff30c16a000-7ff30c170000 r--s 00039000 08:05 3051805                    /home/darkkis/.sdkman/candidates/grails/2.5.3/lib/org.yaml/snakeyaml/jars/snakeyaml-1.8.jar
7ff30c170000-7ff310000000 rw-p 00000000 00:00 0 
7ff310000000-7ff310021000 rw-p 00000000 00:00 0 
7ff310021000-7ff314000000 ---p 00000000 00:00 0 
7ff314000000-7ff314021000 rw-p 00000000 00:00 0 
7ff314021000-7ff318000000 ---p 00000000 00:00 0 
7ff318000000-7ff318021000 rw-p 00000000 00:00 0 
7ff318021000-7ff31c000000 ---p 00000000 00:00 0 
7ff31c000000-7ff31c021000 rw-p 00000000 00:00 0 
7ff31c021000-7ff320000000 ---p 00000000 00:00 0 
7ff320000000-7ff320021000 rw-p 00000000 00:00 0 
7ff320021000-7ff324000000 ---p 00000000 00:00 0 
7ff324000000-7ff324021000 rw-p 00000000 00:00 0 
7ff324021000-7ff328000000 ---p 00000000 00:00 0 
7ff328000000-7ff328021000 rw-p 00000000 00:00 0 
7ff328021000-7ff32c000000 ---p 00000000 00:00 0 
7ff32c000000-7ff32c001000 r--s 00000000 08:05 3052858                    /home/darkkis/.sdkman/candidates/grails/2.5.3/dist/grails-web-fileupload-2.5.3.jar
7ff32c001000-7ff32c012000 r--s 000f7000 08:05 3051801                    /home/darkkis/.sdkman/candidates/grails/2.5.3/lib/org.xhtmlrenderer/core-renderer/jars/core-renderer-R8.jar
7ff32c012000-7ff32c015000 r--s 00044000 08:05 3052207                    /home/darkkis/.sdkman/candidates/grails/2.5.3/dist/grails-docs-2.5.3.jar
7ff32c015000-7ff32c01c000 r--s 00081000 08:05 3052690                    /home/darkkis/.sdkman/candidates/grails/2.5.3/dist/grails-scripts-2.5.3.jar
7ff32c01c000-7ff32c021000 r--s 00033000 08:05 3052648                    /home/darkkis/.sdkman/candidates/grails/2.5.3/dist/grails-project-api-2.5.3.jar
7ff32c021000-7ff32c023000 r--s 0001b000 08:05 3051588                    /home/darkkis/.sdkman/candidates/grails/2.5.3/lib/org.apache.ant/ant-junit/jars/ant-junit-1.9.4.jar
7ff32c023000-7ff32c025000 r--s 0001a000 08:05 3051703                    /home/darkkis/.sdkman/candidates/grails/2.5.3/lib/org.fusesource.jansi/jansi/jars/jansi-1.11.jar
7ff32c025000-7ff32c02a000 r--s 00050000 08:05 3051638                    /home/darkkis/.sdkman/candidates/grails/2.5.3/lib/org.codehaus.gant/gant_groovy1.8/jars/gant_groovy1.8-1.9.6.jar
7ff32c02a000-7ff32c02e000 r--s 000dc000 08:05 3051585                    /home/darkkis/.sdkman/candidates/grails/2.5.3/lib/net.java.dev.jna/jna/jars/jna-4.0.0.jar
7ff32c02e000-7ff32c02f000 r--s 00001000 08:05 3051590                    /home/darkkis/.sdkman/candidates/grails/2.5.3/lib/org.apache.ant/ant-trax/jars/ant-trax-1.7.1.jar
7ff32c02f000-7ff32c030000 r--s 00004000 08:05 3051589                    /home/darkkis/.sdkman/candidates/grails/2.5.3/lib/org.apache.ant/ant-launcher/jars/ant-launcher-1.9.4.jar
7ff32c030000-7ff32c034000 r--s 00031000 08:05 3051576                    /home/darkkis/.sdkman/candidates/grails/2.5.3/lib/jline/jline/jars/jline-2.12.jar
7ff32c034000-7ff32c052000 r--s 001cf000 08:05 3051587                    /home/darkkis/.sdkman/candidates/grails/2.5.3/lib/org.apache.ant/ant/jars/ant-1.9.4.jar
7ff32c052000-7ff32c056000 r--s 00040000 08:05 3051809                    /home/darkkis/.sdkman/candidates/grails/2.5.3/lib/xalan/serializer/jars/serializer-2.7.2.jar
7ff32c056000-7ff32c05a000 r--s 0008b000 08:05 1469670                    /usr/lib/jvm/java-7-oracle/jre/lib/jsse.jar
7ff32c05a000-7ff32c05c000 r--s 00000000 08:05 3051502                    /home/darkkis/.sdkman/candidates/grails/2.5.3/lib/aopalliance/aopalliance/jars/aopalliance-1.0.jar
7ff32c05c000-7ff32c05f000 r--s 00006000 08:05 3051514                    /home/darkkis/.sdkman/candidates/grails/2.5.3/lib/com.google.code.findbugs/jsr305/jars/jsr305-1.3.9.jar
7ff32c05f000-7ff32c060000 r--s 00000000 08:05 3051565                    /home/darkkis/.sdkman/candidates/grails/2.5.3/lib/javax.inject/javax.inject/jars/javax.inject-1.jar
7ff32c060000-7ff32c061000 r--s 00001000 08:05 3051557                    /home/darkkis/.sdkman/candidates/grails/2.5.3/lib/javax.annotation/jsr250-api/jars/jsr250-api-1.0.jar
7ff32c061000-7ff32c063000 r--s 00002000 08:05 3051743                    /home/darkkis/.sdkman/candidates/grails/2.5.3/lib/org.sonatype.plexus/plexus-cipher/jars/plexus-cipher-1.4.jar
7ff32c063000-7ff32c069000 r--s 00033000 08:05 3051539                    /home/darkkis/.sdkman/candidates/grails/2.5.3/lib/commons-codec/commons-codec/jars/commons-codec-1.6.jar
7ff32c069000-7ff32c06f000 r--s 00032000 08:05 3051598                    /home/darkkis/.sdkman/candidates/grails/2.5.3/lib/org.apache.httpcomponents/httpcore/jars/httpcore-4.2.5.jar
7ff32c06f000-7ff32c084000 r--s 00116000 08:05 3051599                    /home/darkkis/.sdkman/candidates/grails/2.5.3/lib/org.apache.ivy/ivy/jars/ivy-2.3.0.jar
7ff32c084000-7ff32c086000 r--s 0000a000 08:05 3051654                    /home/darkkis/.sdkman/candidates/grails/2.5.3/lib/org.codehaus.plexus/plexus-classworlds/jars/plexus-classworlds-2.4.jar
7ff32c086000-7ff32c08c000 r--s 00042000 08:05 3051698                    /home/darkkis/.sdkman/candidates/grails/2.5.3/lib/org.eclipse.sisu/org.eclipse.sisu.inject/jars/org.eclipse.sisu.inject-0.0.0.M5.jar
7ff32c08c000-7ff32c094000 r--s 00050000 08:05 3051750                    /home/darkkis/.sdkman/candidates/grails/2.5.3/lib/org.sonatype.sisu/sisu-guice/jars/sisu-guice-3.1.0-no_aop.jar
7ff32c094000-7ff32c0b2000 r--s 00151000 08:05 3051519                    /home/darkkis/.sdkman/candidates/grails/2.5.3/lib/com.google.guava/guava/jars/guava-10.0.1.jar
7ff32c0b2000-7ff32c0b5000 r--s 00008000 08:05 3051561                    /home/darkkis/.sdkman/candidates/grails/2.5.3/lib/javax.enterprise/cdi-api/jars/cdi-api-1.0.jar
7ff32c0b5000-7ff32c0b6000 r--s 00006000 08:05 3051747                    /home/darkkis/.sdkman/candidates/grails/2.5.3/lib/org.sonatype.plexus/plexus-sec-dispatcher/jars/plexus-sec-dispatcher-1.3.jar
7ff32c0b6000-7ff32c0b8000 r--s 00009000 08:05 3051619                    /home/darkkis/.sdkman/candidates/grails/2.5.3/lib/org.apache.maven/maven-settings/jars/maven-settings-3.2.5.jar
7ff32c0b8000-7ff32c0bb000 r--s 0000d000 08:05 3051662                    /home/darkkis/.sdkman/candidates/grails/2.5.3/lib/org.codehaus.plexus/plexus-interpolation/jars/plexus-interpolation-1.21.jar
7ff32c0bb000-7ff32c0bf000 r--s 00038000 08:05 3051666                    /home/darkkis/.sdkman/candidates/grails/2.5.3/lib/org.codehaus.plexus/plexus-utils/jars/plexus-utils-3.0.20.jar
7ff32c0bf000-7ff32c0c1000 r--s 00000000 08:05 3051658                    /home/darkkis/.sdkman/candidates/grails/2.5.3/lib/org.codehaus.plexus/plexus-component-annotations/jars/plexus-component-annotations-1.5.5.jar
7ff32c0c1000-7ff32c0c3000 r--s 00005000 08:05 3051615                    /home/darkkis/.sdkman/candidates/grails/2.5.3/lib/org.apache.maven/maven-repository-metadata/jars/maven-repository-metadata-3.2.5.jar
7ff32c0c3000-7ff32c0c8000 r--s 00025000 08:05 3051611                    /home/darkkis/.sdkman/candidates/grails/2.5.3/lib/org.apache.maven/maven-model-builder/jars/maven-model-builder-3.2.5.jar
7ff32c0c8000-7ff32c0cb000 r--s 00025000 08:05 3051607                    /home/darkkis/.sdkman/candidates/grails/2.5.3/lib/org.apache.maven/maven-model/jars/maven-model-3.2.5.jar
7ff32c0cb000-7ff32c0d5000 r--s 00061000 08:05 3051594                    /home/darkkis/.sdkman/candidates/grails/2.5.3/lib/org.apache.httpcomponents/httpclient/jars/httpclient-4.2.6.jar
7ff32c0d5000-7ff32c0d7000 r--s 00006000 08:05 3051682                    /home/darkkis/.sdkman/candidates/grails/2.5.3/lib/org.eclipse.aether/aether-spi/jars/aether-spi-1.0.2.v20150114.jar
7ff32c0d7000-7ff32c0d8000 r--s 00002000 08:05 3051739                    /home/darkkis/.sdkman/candidates/grails/2.5.3/lib/org.slf4j/slf4j-simple/jars/slf4j-simple-1.7.5.jar
7ff32c0d8000-7ff32c0de000 r--s 0002a000 08:05 3051702                    /home/darkkis/.sdkman/candidates/grails/2.5.3/lib/org.eclipse.sisu/org.eclipse.sisu.plexus/jars/org.eclipse.sisu.plexus-0.0.0.M5.jar
7ff32c0de000-7ff32c0e0000 r--s 00009000 08:05 3051623                    /home/darkkis/.sdkman/candidates/grails/2.5.3/lib/org.apache.maven/maven-settings-builder/jars/maven-settings-builder-3.2.5.jar
7ff32c0e0000-7ff32c0e2000 r--s 0000f000 08:05 3051603                    /home/darkkis/.sdkman/candidates/grails/2.5.3/lib/org.apache.maven/maven-aether-provider/jars/maven-aether-provider-3.2.5.jar
7ff32c0e2000-7ff32c0e4000 r--s 00001000 08:05 3051686                    /home/darkkis/.sdkman/candidates/grails/2.5.3/lib/org.eclipse.aether/aether-transport-file/jars/aether-transport-file-1.0.2.v20150114.jar
7ff32c0e4000-7ff32c0e6000 r--s 00007000 08:05 3051690                    /home/darkkis/.sdkman/candidates/grails/2.5.3/lib/org.eclipse.aether/aether-transport-http/jars/aether-transport-http-1.0.2.v20150114.jar
7ff32c0e6000-7ff32c0ea000 r--s 00027000 08:05 3051678                    /home/darkkis/.sdkman/candidates/grails/2.5.3/lib/org.eclipse.aether/aether-impl/jars/aether-impl-1.0.2.v20150114.jar
7ff32c0ea000-7ff32c0ee000 r--s 00020000 08:05 3051694                    /home/darkkis/.sdkman/candidates/grails/2.5.3/lib/org.eclipse.aether/aether-util/jars/aether-util-1.0.2.v20150114.jar
7ff32c0ee000-7ff32c0f3000 r--s 0001d000 08:05 3051670                    /home/darkkis/.sdkman/candidates/grails/2.5.3/lib/org.eclipse.aether/aether-api/jars/aether-api-1.0.2.v20150114.jar
7ff32c0f3000-7ff32c15e000 r--s 00e22000 08:05 1471182                    /usr/lib/jvm/java-7-oracle/lib/tools.jar
7ff32c15e000-7ff32c17c000 r--s 001cf000 08:05 3051587                    /home/darkkis/.sdkman/candidates/grails/2.5.3/lib/org.apache.ant/ant/jars/ant-1.9.4.jar
7ff32c17c000-7ff32c191000 r--s 00116000 08:05 3051599                    /home/darkkis/.sdkman/candidates/grails/2.5.3/lib/org.apache.ivy/ivy/jars/ivy-2.3.0.jar
7ff32c191000-7ff32c200000 r--s 0063e000 08:05 3051646                    /home/darkkis/.sdkman/candidates/grails/2.5.3/lib/org.codehaus.groovy/groovy-all/jars/groovy-all-2.4.4.jar
7ff32c200000-7ff32c203000 ---p 00000000 00:00 0 
7ff32c203000-7ff32c301000 rw-p 00000000 00:00 0                          [stack:2417]
7ff32c301000-7ff32c304000 ---p 00000000 00:00 0 
7ff32c304000-7ff32c703000 rw-p 00000000 00:00 0                          [stack:2416]
7ff32c703000-7ff32c719000 r-xp 00000000 08:05 1470210                    /usr/lib/jvm/java-7-oracle/jre/lib/amd64/libnet.so
7ff32c719000-7ff32c919000 ---p 00016000 08:05 1470210                    /usr/lib/jvm/java-7-oracle/jre/lib/amd64/libnet.so
7ff32c919000-7ff32c91a000 rw-p 00016000 08:05 1470210                    /usr/lib/jvm/java-7-oracle/jre/lib/amd64/libnet.so
7ff32c91a000-7ff32c989000 r--s 0063e000 08:05 3051646                    /home/darkkis/.sdkman/candidates/grails/2.5.3/lib/org.codehaus.groovy/groovy-all/jars/groovy-all-2.4.4.jar
7ff32c989000-7ff32c98a000 ---p 00000000 00:00 0 
7ff32c98a000-7ff32ca8a000 rw-p 00000000 00:00 0                          [stack:2415]
7ff32ca8a000-7ff32ca8d000 ---p 00000000 00:00 0 
7ff32ca8d000-7ff32cb8b000 rw-p 00000000 00:00 0                          [stack:2414]
7ff32cb8b000-7ff32cb8e000 ---p 00000000 00:00 0 
7ff32cb8e000-7ff32cc8c000 rw-p 00000000 00:00 0                          [stack:2413]
7ff32cc8c000-7ff32cc8f000 ---p 00000000 00:00 0 
7ff32cc8f000-7ff32cd8d000 rw-p 00000000 00:00 0                          [stack:2412]
7ff32cd8d000-7ff32cd90000 ---p 00000000 00:00 0 
7ff32cd90000-7ff32ce8e000 rw-p 00000000 00:00 0                          [stack:2411]
7ff32ce8e000-7ff32d288000 r--p 00000000 08:05 1444303                    /usr/lib/locale/locale-archive
7ff32d288000-7ff32d28b000 ---p 00000000 00:00 0 
7ff32d28b000-7ff32d389000 rw-p 00000000 00:00 0                          [stack:2410]
7ff32d389000-7ff32d38c000 ---p 00000000 00:00 0 
7ff32d38c000-7ff32d48a000 rw-p 00000000 00:00 0                          [stack:2409]
7ff32d48a000-7ff32d48b000 ---p 00000000 00:00 0 
7ff32d48b000-7ff32f21a000 rw-p 00000000 00:00 0                          [stack:2408]
7ff32f21a000-7ff32f3d9000 r--s 039f0000 08:05 1469335                    /usr/lib/jvm/java-7-oracle/jre/lib/rt.jar
7ff32f3d9000-7ff32f838000 rw-p 00000000 00:00 0 
7ff32f838000-7ff32f839000 ---p 00000000 00:00 0 
7ff32f839000-7ff32f939000 rw-p 00000000 00:00 0                          [stack:2407]
7ff32f939000-7ff32f93a000 ---p 00000000 00:00 0 
7ff32f93a000-7ff32fa3a000 rw-p 00000000 00:00 0                          [stack:2406]
7ff32fa3a000-7ff32fa3b000 ---p 00000000 00:00 0 
7ff32fa3b000-7ff32fb3b000 rw-p 00000000 00:00 0                          [stack:2405]
7ff32fb3b000-7ff32fb3c000 ---p 00000000 00:00 0 
7ff32fb3c000-7ff32fc3c000 rw-p 00000000 00:00 0                          [stack:2404]
7ff32fc3c000-7ff32fc3d000 ---p 00000000 00:00 0 
7ff32fc3d000-7ff32fd3d000 rw-p 00000000 00:00 0                          [stack:2403]
7ff32fd3d000-7ff32fd3e000 ---p 00000000 00:00 0 
7ff32fd3e000-7ff32fe3e000 rw-p 00000000 00:00 0                          [stack:2402]
7ff32fe3e000-7ff32fe3f000 ---p 00000000 00:00 0 
7ff32fe3f000-7ff32ff67000 rw-p 00000000 00:00 0                          [stack:2401]
7ff32ff67000-7ff3301bf000 rw-p 00000000 00:00 0 
7ff3301bf000-7ff3301cc000 rw-p 00000000 00:00 0 
7ff3301cc000-7ff3301e8000 rw-p 00000000 00:00 0 
7ff3301e8000-7ff330210000 rw-p 00000000 00:00 0 
7ff330210000-7ff330468000 rw-p 00000000 00:00 0 
7ff330468000-7ff3304ec000 rw-p 00000000 00:00 0 
7ff3304ec000-7ff3304ed000 ---p 00000000 00:00 0 
7ff3304ed000-7ff3305a8000 rw-p 00000000 00:00 0 
7ff3305a8000-7ff3305a9000 rw-p 00000000 00:00 0 
7ff3305a9000-7ff330a09000 rwxp 00000000 00:00 0 
7ff330a09000-7ff3335a9000 rw-p 00000000 00:00 0 
7ff3335a9000-7ff3335c3000 r-xp 00000000 08:05 1470173                    /usr/lib/jvm/java-7-oracle/jre/lib/amd64/libzip.so
7ff3335c3000-7ff3337c3000 ---p 0001a000 08:05 1470173                    /usr/lib/jvm/java-7-oracle/jre/lib/amd64/libzip.so
7ff3337c3000-7ff3337c4000 rw-p 0001a000 08:05 1470173                    /usr/lib/jvm/java-7-oracle/jre/lib/amd64/libzip.so
7ff3337c4000-7ff3337d0000 r-xp 00000000 08:05 787191                     /lib/x86_64-linux-gnu/libnss_files-2.21.so
7ff3337d0000-7ff3339cf000 ---p 0000c000 08:05 787191                     /lib/x86_64-linux-gnu/libnss_files-2.21.so
7ff3339cf000-7ff3339d0000 r--p 0000b000 08:05 787191                     /lib/x86_64-linux-gnu/libnss_files-2.21.so
7ff3339d0000-7ff3339d1000 rw-p 0000c000 08:05 787191                     /lib/x86_64-linux-gnu/libnss_files-2.21.so
7ff3339d1000-7ff3339dc000 r-xp 00000000 08:05 787167                     /lib/x86_64-linux-gnu/libnss_nis-2.21.so
7ff3339dc000-7ff333bdb000 ---p 0000b000 08:05 787167                     /lib/x86_64-linux-gnu/libnss_nis-2.21.so
7ff333bdb000-7ff333bdc000 r--p 0000a000 08:05 787167                     /lib/x86_64-linux-gnu/libnss_nis-2.21.so
7ff333bdc000-7ff333bdd000 rw-p 0000b000 08:05 787167                     /lib/x86_64-linux-gnu/libnss_nis-2.21.so
7ff333bdd000-7ff333bf4000 r-xp 00000000 08:05 787203                     /lib/x86_64-linux-gnu/libnsl-2.21.so
7ff333bf4000-7ff333df3000 ---p 00017000 08:05 787203                     /lib/x86_64-linux-gnu/libnsl-2.21.so
7ff333df3000-7ff333df4000 r--p 00016000 08:05 787203                     /lib/x86_64-linux-gnu/libnsl-2.21.so
7ff333df4000-7ff333df5000 rw-p 00017000 08:05 787203                     /lib/x86_64-linux-gnu/libnsl-2.21.so
7ff333df5000-7ff333df7000 rw-p 00000000 00:00 0 
7ff333df7000-7ff333dff000 r-xp 00000000 08:05 787195                     /lib/x86_64-linux-gnu/libnss_compat-2.21.so
7ff333dff000-7ff333ffe000 ---p 00008000 08:05 787195                     /lib/x86_64-linux-gnu/libnss_compat-2.21.so
7ff333ffe000-7ff333fff000 r--p 00007000 08:05 787195                     /lib/x86_64-linux-gnu/libnss_compat-2.21.so
7ff333fff000-7ff334000000 rw-p 00008000 08:05 787195                     /lib/x86_64-linux-gnu/libnss_compat-2.21.so
7ff334000000-7ff33501d000 rw-p 00000000 00:00 0 
7ff33501d000-7ff338000000 ---p 00000000 00:00 0 
7ff338000000-7ff338002000 r--s 00003000 08:05 3051727                    /home/darkkis/.sdkman/candidates/grails/2.5.3/lib/org.slf4j/jcl-over-slf4j/jars/jcl-over-slf4j-1.7.5.jar
7ff338002000-7ff338004000 r--s 00005000 08:05 3051735                    /home/darkkis/.sdkman/candidates/grails/2.5.3/lib/org.slf4j/slf4j-api/jars/slf4j-api-1.7.5.jar
7ff338004000-7ff338007000 r--s 0001b000 08:05 3052102                    /home/darkkis/.sdkman/candidates/grails/2.5.3/dist/grails-aether-2.5.3.jar
7ff338007000-7ff3380b2000 rw-p 00000000 00:00 0 
7ff3380b2000-7ff3380b3000 ---p 00000000 00:00 0 
7ff3380b3000-7ff3381c0000 rw-p 00000000 00:00 0                          [stack:2400]
7ff3381c0000-7ff3381dc000 rw-p 00000000 00:00 0 
7ff3381dc000-7ff338205000 r-xp 00000000 08:05 1470174                    /usr/lib/jvm/java-7-oracle/jre/lib/amd64/libjava.so
7ff338205000-7ff338405000 ---p 00029000 08:05 1470174                    /usr/lib/jvm/java-7-oracle/jre/lib/amd64/libjava.so
7ff338405000-7ff338407000 rw-p 00029000 08:05 1470174                    /usr/lib/jvm/java-7-oracle/jre/lib/amd64/libjava.so
7ff338407000-7ff338414000 r-xp 00000000 08:05 1470182                    /usr/lib/jvm/java-7-oracle/jre/lib/amd64/libverify.so
7ff338414000-7ff338613000 ---p 0000d000 08:05 1470182                    /usr/lib/jvm/java-7-oracle/jre/lib/amd64/libverify.so
7ff338613000-7ff338615000 rw-p 0000c000 08:05 1470182                    /usr/lib/jvm/java-7-oracle/jre/lib/amd64/libverify.so
7ff338615000-7ff33861c000 r-xp 00000000 08:05 787205                     /lib/x86_64-linux-gnu/librt-2.21.so
7ff33861c000-7ff33881b000 ---p 00007000 08:05 787205                     /lib/x86_64-linux-gnu/librt-2.21.so
7ff33881b000-7ff33881c000 r--p 00006000 08:05 787205                     /lib/x86_64-linux-gnu/librt-2.21.so
7ff33881c000-7ff33881d000 rw-p 00007000 08:05 787205                     /lib/x86_64-linux-gnu/librt-2.21.so
7ff33881d000-7ff338924000 r-xp 00000000 08:05 787201                     /lib/x86_64-linux-gnu/libm-2.21.so
7ff338924000-7ff338b23000 ---p 00107000 08:05 787201                     /lib/x86_64-linux-gnu/libm-2.21.so
7ff338b23000-7ff338b24000 r--p 00106000 08:05 787201                     /lib/x86_64-linux-gnu/libm-2.21.so
7ff338b24000-7ff338b25000 rw-p 00107000 08:05 787201                     /lib/x86_64-linux-gnu/libm-2.21.so
7ff338b25000-7ff33969a000 r-xp 00000000 08:05 1470162                    /usr/lib/jvm/java-7-oracle/jre/lib/amd64/server/libjvm.so
7ff33969a000-7ff33989a000 ---p 00b75000 08:05 1470162                    /usr/lib/jvm/java-7-oracle/jre/lib/amd64/server/libjvm.so
7ff33989a000-7ff33995e000 rw-p 00b75000 08:05 1470162                    /usr/lib/jvm/java-7-oracle/jre/lib/amd64/server/libjvm.so
7ff33995e000-7ff33999f000 rw-p 00000000 00:00 0 
7ff33999f000-7ff339b5f000 r-xp 00000000 08:05 787209                     /lib/x86_64-linux-gnu/libc-2.21.so
7ff339b5f000-7ff339d5f000 ---p 001c0000 08:05 787209                     /lib/x86_64-linux-gnu/libc-2.21.so
7ff339d5f000-7ff339d63000 r--p 001c0000 08:05 787209                     /lib/x86_64-linux-gnu/libc-2.21.so
7ff339d63000-7ff339d65000 rw-p 001c4000 08:05 787209                     /lib/x86_64-linux-gnu/libc-2.21.so
7ff339d65000-7ff339d69000 rw-p 00000000 00:00 0 
7ff339d69000-7ff339d6c000 r-xp 00000000 08:05 787177                     /lib/x86_64-linux-gnu/libdl-2.21.so
7ff339d6c000-7ff339f6b000 ---p 00003000 08:05 787177                     /lib/x86_64-linux-gnu/libdl-2.21.so
7ff339f6b000-7ff339f6c000 r--p 00002000 08:05 787177                     /lib/x86_64-linux-gnu/libdl-2.21.so
7ff339f6c000-7ff339f6d000 rw-p 00003000 08:05 787177                     /lib/x86_64-linux-gnu/libdl-2.21.so
7ff339f6d000-7ff339f83000 r-xp 00000000 08:05 1478291                    /usr/lib/jvm/java-7-oracle/lib/amd64/jli/libjli.so
7ff339f83000-7ff33a183000 ---p 00016000 08:05 1478291                    /usr/lib/jvm/java-7-oracle/lib/amd64/jli/libjli.so
7ff33a183000-7ff33a184000 rw-p 00016000 08:05 1478291                    /usr/lib/jvm/java-7-oracle/lib/amd64/jli/libjli.so
7ff33a184000-7ff33a19c000 r-xp 00000000 08:05 787185                     /lib/x86_64-linux-gnu/libpthread-2.21.so
7ff33a19c000-7ff33a39c000 ---p 00018000 08:05 787185                     /lib/x86_64-linux-gnu/libpthread-2.21.so
7ff33a39c000-7ff33a39d000 r--p 00018000 08:05 787185                     /lib/x86_64-linux-gnu/libpthread-2.21.so
7ff33a39d000-7ff33a39e000 rw-p 00019000 08:05 787185                     /lib/x86_64-linux-gnu/libpthread-2.21.so
7ff33a39e000-7ff33a3a2000 rw-p 00000000 00:00 0 
7ff33a3a2000-7ff33a3c6000 r-xp 00000000 08:05 787183                     /lib/x86_64-linux-gnu/ld-2.21.so
7ff33a3c6000-7ff33a3c8000 r--s 00001000 08:05 1470230                    /usr/lib/jvm/java-7-oracle/jre/lib/ext/dnsns.jar
7ff33a3c8000-7ff33a3cd000 r--s 00050000 08:05 3051638                    /home/darkkis/.sdkman/candidates/grails/2.5.3/lib/org.codehaus.gant/gant_groovy1.8/jars/gant_groovy1.8-1.9.6.jar
7ff33a3cd000-7ff33a3cf000 r--s 00009000 08:05 3051535                    /home/darkkis/.sdkman/candidates/grails/2.5.3/lib/commons-cli/commons-cli/jars/commons-cli-1.2.jar
7ff33a3cf000-7ff33a3d3000 r--s 000dc000 08:05 3051585                    /home/darkkis/.sdkman/candidates/grails/2.5.3/lib/net.java.dev.jna/jna/jars/jna-4.0.0.jar
7ff33a3d3000-7ff33a3d5000 r--s 0001a000 08:05 3051703                    /home/darkkis/.sdkman/candidates/grails/2.5.3/lib/org.fusesource.jansi/jansi/jars/jansi-1.11.jar
7ff33a3d5000-7ff33a3d9000 r--s 00031000 08:05 3051576                    /home/darkkis/.sdkman/candidates/grails/2.5.3/lib/jline/jline/jars/jline-2.12.jar
7ff33a3d9000-7ff33a3eb000 rw-p 00000000 00:00 0 
7ff33a3eb000-7ff33a499000 rw-p 00000000 00:00 0 
7ff33a499000-7ff33a49c000 ---p 00000000 00:00 0 
7ff33a49c000-7ff33a59e000 rw-p 00000000 00:00 0                          [stack:2399]
7ff33a59e000-7ff33a59f000 r--s 00008000 08:05 3051674                    /home/darkkis/.sdkman/candidates/grails/2.5.3/lib/org.eclipse.aether/aether-connector-basic/jars/aether-connector-basic-1.0.2.v20150114.jar
7ff33a59f000-7ff33a5ac000 r--s 000b3000 08:05 3052144                    /home/darkkis/.sdkman/candidates/grails/2.5.3/dist/grails-bootstrap-2.5.3.jar
7ff33a5ac000-7ff33a5b9000 r--s 000b3000 08:05 3052144                    /home/darkkis/.sdkman/candidates/grails/2.5.3/dist/grails-bootstrap-2.5.3.jar
7ff33a5b9000-7ff33a5c1000 rw-s 00000000 08:05 918516                     /tmp/hsperfdata_darkkis/2396
7ff33a5c1000-7ff33a5c2000 rw-p 00000000 00:00 0 
7ff33a5c2000-7ff33a5c3000 ---p 00000000 00:00 0 
7ff33a5c3000-7ff33a5c5000 rw-p 00000000 00:00 0 
7ff33a5c5000-7ff33a5c6000 r--p 00023000 08:05 787183                     /lib/x86_64-linux-gnu/ld-2.21.so
7ff33a5c6000-7ff33a5c7000 rw-p 00024000 08:05 787183                     /lib/x86_64-linux-gnu/ld-2.21.so
7ff33a5c7000-7ff33a5c8000 rw-p 00000000 00:00 0 
7ffffbcf7000-7ffffbd19000 rw-p 00000000 00:00 0                          [stack]
7ffffbddd000-7ffffbddf000 r-xp 00000000 00:00 0                          [vdso]
ffffffffff600000-ffffffffff601000 r-xp 00000000 00:00 0                  [vsyscall]

VM Arguments:
jvm_args: -Dtools.jar=/usr/lib/jvm/java-7-oracle/lib/tools.jar -Djline.terminal=jline.UnsupportedTerminal -Dgrails.home=/home/darkkis/.gvm/grails/2.5.3/ -Dfile.encoding=UTF-8 
java_command: org.codehaus.groovy.grails.cli.support.GrailsStarter --main org.grails.ide.eclipse.longrunning.process.GrailsProcess --conf /home/darkkis/.gvm/grails/2.5.3//conf/groovy-starter.conf --classpath /home/darkkis/ggts-bundle/ggts-3.6.3.SR1/configuration/org.eclipse.osgi/1325/0/.cp/:/home/darkkis/ggts-bundle/ggts-3.6.3.SR1/configuration/org.eclipse.osgi/1327/0/.cp/ --is14
Launcher Type: SUN_STANDARD

Environment Variables:
JAVA_HOME=/usr/lib/jvm/java-7-oracle
PATH=/home/darkkis/.opam/system/bin:/home/darkkis/.nvm/v0.8.6/bin:/home/darkkis/.sdkman/candidates/groovy/current/bin:/home/darkkis/.sdkman/candidates/grails/current/bin:/usr/local/sbin:/usr/local/bin:/usr/sbin:/usr/bin:/sbin:/bin:/usr/games:/usr/local/games:/usr/lib/jvm/java-7-oracle/bin:/usr/lib/jvm/java-7-oracle/db/bin:/usr/lib/jvm/java-7-oracle/jre/bin:/home/darkkis/.sdkman/candidates/grails/current/bin:/home/darkkis/gradle-2.1//bin
SHELL=/bin/bash
DISPLAY=:0

Signal Handlers:
SIGSEGV: [libjvm.so+0x9a3bd0], sa_mask[0]=0x7ffbfeff, sa_flags=0x10000004
SIGBUS: [libjvm.so+0x9a3bd0], sa_mask[0]=0x7ffbfeff, sa_flags=0x10000004
SIGFPE: [libjvm.so+0x81cb60], sa_mask[0]=0x7ffbfeff, sa_flags=0x10000004
SIGPIPE: [libjvm.so+0x81cb60], sa_mask[0]=0x7ffbfeff, sa_flags=0x10000004
SIGXFSZ: [libjvm.so+0x81cb60], sa_mask[0]=0x7ffbfeff, sa_flags=0x10000004
SIGILL: [libjvm.so+0x81cb60], sa_mask[0]=0x7ffbfeff, sa_flags=0x10000004
SIGUSR1: SIG_DFL, sa_mask[0]=0x00000000, sa_flags=0x00000000
SIGUSR2: [libjvm.so+0x81e360], sa_mask[0]=0x00000004, sa_flags=0x10000004
SIGHUP: [libjvm.so+0x81f480], sa_mask[0]=0x7ffbfeff, sa_flags=0x10000004
SIGINT: [libjvm.so+0x81f480], sa_mask[0]=0x7ffbfeff, sa_flags=0x10000004
SIGTERM: [libjvm.so+0x81f480], sa_mask[0]=0x7ffbfeff, sa_flags=0x10000004
SIGQUIT: [libjvm.so+0x81f480], sa_mask[0]=0x7ffbfeff, sa_flags=0x10000004


---------------  S Y S T E M  ---------------

OS:jessie/sid

uname:Linux 3.13.0-46-generic #79-Ubuntu SMP Tue Mar 10 20:06:50 UTC 2015 x86_64
libc:glibc 2.21 NPTL 2.21 
rlimit: STACK 8192k, CORE 0k, NPROC 61216, NOFILE 65536, AS infinity
load average:0,91 0,83 1,03

/proc/meminfo:
MemTotal:        7858236 kB
MemFree:          134900 kB
Buffers:             416 kB
Cached:          1456292 kB
SwapCached:         3828 kB
Active:          6048036 kB
Inactive:        1259276 kB
Active(anon):    6035256 kB
Inactive(anon):  1244496 kB
Active(file):      12780 kB
Inactive(file):    14780 kB
Unevictable:        3336 kB
Mlocked:            3336 kB
SwapTotal:       3905532 kB
SwapFree:         101316 kB
Dirty:                32 kB
Writeback:             0 kB
AnonPages:       5852424 kB
Mapped:           593576 kB
Shmem:           1428936 kB
Slab:             137188 kB
SReclaimable:      53328 kB
SUnreclaim:        83860 kB
KernelStack:       11528 kB
PageTables:       149668 kB
NFS_Unstable:          0 kB
Bounce:                0 kB
WritebackTmp:          0 kB
CommitLimit:     7834648 kB
Committed_AS:   26770796 kB
VmallocTotal:   34359738367 kB
VmallocUsed:      370920 kB
VmallocChunk:   34359237500 kB
HardwareCorrupted:     0 kB
AnonHugePages:    276480 kB
HugePages_Total:       0
HugePages_Free:        0
HugePages_Rsvd:        0
HugePages_Surp:        0
Hugepagesize:       2048 kB
DirectMap4k:      122168 kB
DirectMap2M:     6895616 kB
DirectMap1G:     1048576 kB


CPU:total 8 (4 cores per cpu, 2 threads per core) family 6 model 60 stepping 3, cmov, cx8, fxsr, mmx, sse, sse2, sse3, ssse3, sse4.1, sse4.2, popcnt, avx, avx2, aes, erms, ht, tsc, tscinvbit

/proc/cpuinfo:
processor	: 0
vendor_id	: GenuineIntel
cpu family	: 6
model		: 60
model name	: Intel(R) Core(TM) i7-4700MQ CPU @ 2.40GHz
stepping	: 3
microcode	: 0x17
cpu MHz		: 2401.000
cache size	: 6144 KB
physical id	: 0
siblings	: 8
core id		: 0
cpu cores	: 4
apicid		: 0
initial apicid	: 0
fpu		: yes
fpu_exception	: yes
cpuid level	: 13
wp		: yes
flags		: fpu vme de pse tsc msr pae mce cx8 apic sep mtrr pge mca cmov pat pse36 clflush dts acpi mmx fxsr sse sse2 ss ht tm pbe syscall nx pdpe1gb rdtscp lm constant_tsc arch_perfmon pebs bts rep_good nopl xtopology nonstop_tsc aperfmperf eagerfpu pni pclmulqdq dtes64 monitor ds_cpl vmx est tm2 ssse3 fma cx16 xtpr pdcm pcid sse4_1 sse4_2 movbe popcnt tsc_deadline_timer aes xsave avx f16c rdrand lahf_lm abm ida arat epb xsaveopt pln pts dtherm tpr_shadow vnmi flexpriority ept vpid fsgsbase tsc_adjust bmi1 avx2 smep bmi2 erms invpcid
bogomips	: 4788.94
clflush size	: 64
cache_alignment	: 64
address sizes	: 39 bits physical, 48 bits virtual
power management:

processor	: 1
vendor_id	: GenuineIntel
cpu family	: 6
model		: 60
model name	: Intel(R) Core(TM) i7-4700MQ CPU @ 2.40GHz
stepping	: 3
microcode	: 0x17
cpu MHz		: 2401.000
cache size	: 6144 KB
physical id	: 0
siblings	: 8
core id		: 0
cpu cores	: 4
apicid		: 1
initial apicid	: 1
fpu		: yes
fpu_exception	: yes
cpuid level	: 13
wp		: yes
flags		: fpu vme de pse tsc msr pae mce cx8 apic sep mtrr pge mca cmov pat pse36 clflush dts acpi mmx fxsr sse sse2 ss ht tm pbe syscall nx pdpe1gb rdtscp lm constant_tsc arch_perfmon pebs bts rep_good nopl xtopology nonstop_tsc aperfmperf eagerfpu pni pclmulqdq dtes64 monitor ds_cpl vmx est tm2 ssse3 fma cx16 xtpr pdcm pcid sse4_1 sse4_2 movbe popcnt tsc_deadline_timer aes xsave avx f16c rdrand lahf_lm abm ida arat epb xsaveopt pln pts dtherm tpr_shadow vnmi flexpriority ept vpid fsgsbase tsc_adjust bmi1 avx2 smep bmi2 erms invpcid
bogomips	: 4788.94
clflush size	: 64
cache_alignment	: 64
address sizes	: 39 bits physical, 48 bits virtual
power management:

processor	: 2
vendor_id	: GenuineIntel
cpu family	: 6
model		: 60
model name	: Intel(R) Core(TM) i7-4700MQ CPU @ 2.40GHz
stepping	: 3
microcode	: 0x17
cpu MHz		: 2401.000
cache size	: 6144 KB
physical id	: 0
siblings	: 8
core id		: 1
cpu cores	: 4
apicid		: 2
initial apicid	: 2
fpu		: yes
fpu_exception	: yes
cpuid level	: 13
wp		: yes
flags		: fpu vme de pse tsc msr pae mce cx8 apic sep mtrr pge mca cmov pat pse36 clflush dts acpi mmx fxsr sse sse2 ss ht tm pbe syscall nx pdpe1gb rdtscp lm constant_tsc arch_perfmon pebs bts rep_good nopl xtopology nonstop_tsc aperfmperf eagerfpu pni pclmulqdq dtes64 monitor ds_cpl vmx est tm2 ssse3 fma cx16 xtpr pdcm pcid sse4_1 sse4_2 movbe popcnt tsc_deadline_timer aes xsave avx f16c rdrand lahf_lm abm ida arat epb xsaveopt pln pts dtherm tpr_shadow vnmi flexpriority ept vpid fsgsbase tsc_adjust bmi1 avx2 smep bmi2 erms invpcid
bogomips	: 4788.94
clflush size	: 64
cache_alignment	: 64
address sizes	: 39 bits physical, 48 bits virtual
power management:

processor	: 3
vendor_id	: GenuineIntel
cpu family	: 6
model		: 60
model name	: Intel(R) Core(TM) i7-4700MQ CPU @ 2.40GHz
stepping	: 3
microcode	: 0x17
cpu MHz		: 800.000
cache size	: 6144 KB
physical id	: 0
siblings	: 8
core id		: 1
cpu cores	: 4
apicid		: 3
initial apicid	: 3
fpu		: yes
fpu_exception	: yes
cpuid level	: 13
wp		: yes
flags		: fpu vme de pse tsc msr pae mce cx8 apic sep mtrr pge mca cmov pat pse36 clflush dts acpi mmx fxsr sse sse2 ss ht tm pbe syscall nx pdpe1gb rdtscp lm constant_tsc arch_perfmon pebs bts rep_good nopl xtopology nonstop_tsc aperfmperf eagerfpu pni pclmulqdq dtes64 monitor ds_cpl vmx est tm2 ssse3 fma cx16 xtpr pdcm pcid sse4_1 sse4_2 movbe popcnt tsc_deadline_timer aes xsave avx f16c rdrand lahf_lm abm ida arat epb xsaveopt pln pts dtherm tpr_shadow vnmi flexpriority ept vpid fsgsbase tsc_adjust bmi1 avx2 smep bmi2 erms invpcid
bogomips	: 4788.94
clflush size	: 64
cache_alignment	: 64
address sizes	: 39 bits physical, 48 bits virtual
power management:

processor	: 4
vendor_id	: GenuineIntel
cpu family	: 6
model		: 60
model name	: Intel(R) Core(TM) i7-4700MQ CPU @ 2.40GHz
stepping	: 3
microcode	: 0x17
cpu MHz		: 2401.000
cache size	: 6144 KB
physical id	: 0
siblings	: 8
core id		: 2
cpu cores	: 4
apicid		: 4
initial apicid	: 4
fpu		: yes
fpu_exception	: yes
cpuid level	: 13
wp		: yes
flags		: fpu vme de pse tsc msr pae mce cx8 apic sep mtrr pge mca cmov pat pse36 clflush dts acpi mmx fxsr sse sse2 ss ht tm pbe syscall nx pdpe1gb rdtscp lm constant_tsc arch_perfmon pebs bts rep_good nopl xtopology nonstop_tsc aperfmperf eagerfpu pni pclmulqdq dtes64 monitor ds_cpl vmx est tm2 ssse3 fma cx16 xtpr pdcm pcid sse4_1 sse4_2 movbe popcnt tsc_deadline_timer aes xsave avx f16c rdrand lahf_lm abm ida arat epb xsaveopt pln pts dtherm tpr_shadow vnmi flexpriority ept vpid fsgsbase tsc_adjust bmi1 avx2 smep bmi2 erms invpcid
bogomips	: 4788.94
clflush size	: 64
cache_alignment	: 64
address sizes	: 39 bits physical, 48 bits virtual
power management:

processor	: 5
vendor_id	: GenuineIntel
cpu family	: 6
model		: 60
model name	: Intel(R) Core(TM) i7-4700MQ CPU @ 2.40GHz
stepping	: 3
microcode	: 0x17
cpu MHz		: 800.000
cache size	: 6144 KB
physical id	: 0
siblings	: 8
core id		: 2
cpu cores	: 4
apicid		: 5
initial apicid	: 5
fpu		: yes
fpu_exception	: yes
cpuid level	: 13
wp		: yes
flags		: fpu vme de pse tsc msr pae mce cx8 apic sep mtrr pge mca cmov pat pse36 clflush dts acpi mmx fxsr sse sse2 ss ht tm pbe syscall nx pdpe1gb rdtscp lm constant_tsc arch_perfmon pebs bts rep_good nopl xtopology nonstop_tsc aperfmperf eagerfpu pni pclmulqdq dtes64 monitor ds_cpl vmx est tm2 ssse3 fma cx16 xtpr pdcm pcid sse4_1 sse4_2 movbe popcnt tsc_deadline_timer aes xsave avx f16c rdrand lahf_lm abm ida arat epb xsaveopt pln pts dtherm tpr_shadow vnmi flexpriority ept vpid fsgsbase tsc_adjust bmi1 avx2 smep bmi2 erms invpcid
bogomips	: 4788.94
clflush size	: 64
cache_alignment	: 64
address sizes	: 39 bits physical, 48 bits virtual
power management:

processor	: 6
vendor_id	: GenuineIntel
cpu family	: 6
model		: 60
model name	: Intel(R) Core(TM) i7-4700MQ CPU @ 2.40GHz
stepping	: 3
microcode	: 0x17
cpu MHz		: 800.000
cache size	: 6144 KB
physical id	: 0
siblings	: 8
core id		: 3
cpu cores	: 4
apicid		: 6
initial apicid	: 6
fpu		: yes
fpu_exception	: yes
cpuid level	: 13
wp		: yes
flags		: fpu vme de pse tsc msr pae mce cx8 apic sep mtrr pge mca cmov pat pse36 clflush dts acpi mmx fxsr sse sse2 ss ht tm pbe syscall nx pdpe1gb rdtscp lm constant_tsc arch_perfmon pebs bts rep_good nopl xtopology nonstop_tsc aperfmperf eagerfpu pni pclmulqdq dtes64 monitor ds_cpl vmx est tm2 ssse3 fma cx16 xtpr pdcm pcid sse4_1 sse4_2 movbe popcnt tsc_deadline_timer aes xsave avx f16c rdrand lahf_lm abm ida arat epb xsaveopt pln pts dtherm tpr_shadow vnmi flexpriority ept vpid fsgsbase tsc_adjust bmi1 avx2 smep bmi2 erms invpcid
bogomips	: 4788.94
clflush size	: 64
cache_alignment	: 64
address sizes	: 39 bits physical, 48 bits virtual
power management:

processor	: 7
vendor_id	: GenuineIntel
cpu family	: 6
model		: 60
model name	: Intel(R) Core(TM) i7-4700MQ CPU @ 2.40GHz
stepping	: 3
microcode	: 0x17
cpu MHz		: 800.000
cache size	: 6144 KB
physical id	: 0
siblings	: 8
core id		: 3
cpu cores	: 4
apicid		: 7
initial apicid	: 7
fpu		: yes
fpu_exception	: yes
cpuid level	: 13
wp		: yes
flags		: fpu vme de pse tsc msr pae mce cx8 apic sep mtrr pge mca cmov pat pse36 clflush dts acpi mmx fxsr sse sse2 ss ht tm pbe syscall nx pdpe1gb rdtscp lm constant_tsc arch_perfmon pebs bts rep_good nopl xtopology nonstop_tsc aperfmperf eagerfpu pni pclmulqdq dtes64 monitor ds_cpl vmx est tm2 ssse3 fma cx16 xtpr pdcm pcid sse4_1 sse4_2 movbe popcnt tsc_deadline_timer aes xsave avx f16c rdrand lahf_lm abm ida arat epb xsaveopt pln pts dtherm tpr_shadow vnmi flexpriority ept vpid fsgsbase tsc_adjust bmi1 avx2 smep bmi2 erms invpcid
bogomips	: 4788.94
clflush size	: 64
cache_alignment	: 64
address sizes	: 39 bits physical, 48 bits virtual
power management:



Memory: 4k page, physical 7858236k(134900k free), swap 3905532k(101316k free)

vm_info: Java HotSpot(TM) 64-Bit Server VM (24.76-b04) for linux-amd64 JRE (1.7.0_76-b13), built on Dec 18 2014 16:58:39 by "java_re" with gcc 4.3.0 20080428 (Red Hat 4.3.0-8)

time: Sun Jan 31 14:01:22 2016
elapsed time: 9 seconds

